<?xml version="1.0" encoding="UTF-8"?>
<coverage generated="1770982844523" clover="3.2.0">
  <project timestamp="1770982844523" name="All files">
    <metrics statements="198" coveredstatements="195" conditionals="67" coveredconditionals="59" methods="30" coveredmethods="28" elements="295" coveredelements="282" complexity="0" loc="198" ncloc="198" packages="1" files="2" classes="2"/>
    <file name="logger.ts" path="/Users/john/projects/gym-timer/src/lib/logger.ts">
      <metrics statements="3" coveredstatements="3" conditionals="2" coveredconditionals="2" methods="1" coveredmethods="1"/>
      <line num="2" count="120" type="cond" truecount="2" falsecount="0"/>
      <line num="3" count="81" type="stmt"/>
      <line num="5" count="39" type="stmt"/>
    </file>
    <file name="timer.ts" path="/Users/john/projects/gym-timer/src/lib/timer.ts">
      <metrics statements="195" coveredstatements="192" conditionals="65" coveredconditionals="57" methods="29" coveredmethods="27"/>
      <line num="7" count="1" type="stmt"/>
      <line num="9" count="1" type="stmt"/>
      <line num="10" count="1" type="stmt"/>
      <line num="11" count="1" type="stmt"/>
      <line num="12" count="1" type="stmt"/>
      <line num="15" count="13" type="stmt"/>
      <line num="19" count="31" type="stmt"/>
      <line num="20" count="31" type="stmt"/>
      <line num="21" count="31" type="stmt"/>
      <line num="27" count="1" type="stmt"/>
      <line num="28" count="1" type="stmt"/>
      <line num="31" count="7" type="stmt"/>
      <line num="32" count="7" type="stmt"/>
      <line num="33" count="7" type="stmt"/>
      <line num="34" count="7" type="cond" truecount="2" falsecount="0"/>
      <line num="35" count="3" type="stmt"/>
      <line num="36" count="3" type="cond" truecount="1" falsecount="1"/>
      <line num="37" count="3" type="stmt"/>
      <line num="38" count="3" type="stmt"/>
      <line num="45" count="4" type="stmt"/>
      <line num="46" count="4" type="cond" truecount="4" falsecount="0"/>
      <line num="47" count="1" type="stmt"/>
      <line num="55" count="6" type="stmt"/>
      <line num="56" count="6" type="stmt"/>
      <line num="57" count="6" type="stmt"/>
      <line num="61" count="14" type="stmt"/>
      <line num="65" count="34" type="stmt"/>
      <line num="66" count="34" type="stmt"/>
      <line num="67" count="34" type="stmt"/>
      <line num="68" count="34" type="stmt"/>
      <line num="69" count="34" type="stmt"/>
      <line num="70" count="34" type="stmt"/>
      <line num="72" count="34" type="stmt"/>
      <line num="73" count="34" type="stmt"/>
      <line num="74" count="34" type="stmt"/>
      <line num="75" count="34" type="stmt"/>
      <line num="80" count="34" type="stmt"/>
      <line num="81" count="34" type="stmt"/>
      <line num="82" count="34" type="stmt"/>
      <line num="83" count="34" type="stmt"/>
      <line num="86" count="130" type="cond" truecount="2" falsecount="0"/>
      <line num="87" count="37" type="stmt"/>
      <line num="88" count="37" type="stmt"/>
      <line num="96" count="375" type="stmt"/>
      <line num="97" count="375" type="stmt"/>
      <line num="101" count="28" type="stmt"/>
      <line num="102" count="28" type="stmt"/>
      <line num="104" count="28" type="stmt"/>
      <line num="105" count="28" type="stmt"/>
      <line num="107" count="28" type="stmt"/>
      <line num="108" count="38" type="stmt"/>
      <line num="109" count="38" type="stmt"/>
      <line num="111" count="38" type="cond" truecount="4" falsecount="0"/>
      <line num="112" count="8" type="stmt"/>
      <line num="113" count="8" type="stmt"/>
      <line num="117" count="28" type="stmt"/>
      <line num="125" count="273" type="cond" truecount="1" falsecount="1"/>
      <line num="127" count="273" type="stmt"/>
      <line num="129" count="273" type="stmt"/>
      <line num="130" count="500" type="stmt"/>
      <line num="131" count="500" type="cond" truecount="2" falsecount="0"/>
      <line num="132" count="263" type="stmt"/>
      <line num="133" count="263" type="stmt"/>
      <line num="134" count="263" type="stmt"/>
      <line num="135" count="263" type="stmt"/>
      <line num="140" count="10" type="stmt"/>
      <line num="141" count="10" type="stmt"/>
      <line num="142" count="10" type="stmt"/>
      <line num="146" count="34" type="stmt"/>
      <line num="147" count="34" type="stmt"/>
      <line num="148" count="34" type="stmt"/>
      <line num="149" count="34" type="cond" truecount="2" falsecount="0"/>
      <line num="150" count="34" type="stmt"/>
      <line num="151" count="34" type="stmt"/>
      <line num="152" count="34" type="stmt"/>
      <line num="153" count="34" type="stmt"/>
      <line num="154" count="34" type="stmt"/>
      <line num="155" count="34" type="stmt"/>
      <line num="156" count="34" type="stmt"/>
      <line num="157" count="34" type="stmt"/>
      <line num="158" count="34" type="stmt"/>
      <line num="159" count="34" type="stmt"/>
      <line num="163" count="10" type="stmt"/>
      <line num="167" count="1" type="stmt"/>
      <line num="171" count="273" type="stmt"/>
      <line num="175" count="40" type="stmt"/>
      <line num="176" count="40" type="stmt"/>
      <line num="178" count="40" type="cond" truecount="2" falsecount="0"/>
      <line num="179" count="39" type="cond" truecount="4" falsecount="0"/>
      <line num="180" count="38" type="cond" truecount="4" falsecount="0"/>
      <line num="182" count="37" type="stmt"/>
      <line num="184" count="37" type="cond" truecount="2" falsecount="0"/>
      <line num="185" count="28" type="stmt"/>
      <line num="186" count="28" type="stmt"/>
      <line num="187" count="28" type="stmt"/>
      <line num="188" count="28" type="stmt"/>
      <line num="189" count="28" type="stmt"/>
      <line num="190" count="9" type="cond" truecount="1" falsecount="1"/>
      <line num="192" count="9" type="stmt"/>
      <line num="195" count="37" type="stmt"/>
      <line num="196" count="37" type="stmt"/>
      <line num="197" count="37" type="stmt"/>
      <line num="200" count="37" type="cond" truecount="4" falsecount="0"/>
      <line num="201" count="27" type="stmt"/>
      <line num="202" count="0" type="cond" truecount="0" falsecount="4"/>
      <line num="203" count="0" type="stmt"/>
      <line num="206" count="27" type="stmt"/>
      <line num="211" count="12" type="stmt"/>
      <line num="212" count="12" type="cond" truecount="2" falsecount="0"/>
      <line num="214" count="10" type="stmt"/>
      <line num="215" count="10" type="stmt"/>
      <line num="216" count="10" type="stmt"/>
      <line num="217" count="10" type="stmt"/>
      <line num="221" count="5" type="stmt"/>
      <line num="222" count="5" type="stmt"/>
      <line num="223" count="5" type="stmt"/>
      <line num="224" count="5" type="stmt"/>
      <line num="225" count="5" type="stmt"/>
      <line num="226" count="5" type="stmt"/>
      <line num="227" count="5" type="stmt"/>
      <line num="228" count="5" type="stmt"/>
      <line num="229" count="5" type="stmt"/>
      <line num="233" count="34" type="stmt"/>
      <line num="234" count="34" type="stmt"/>
      <line num="235" count="34" type="cond" truecount="4" falsecount="0"/>
      <line num="236" count="27" type="stmt"/>
      <line num="237" count="27" type="stmt"/>
      <line num="241" count="34" type="stmt"/>
      <line num="258" count="1" type="stmt"/>
      <line num="259" count="1" type="stmt"/>
      <line num="260" count="1" type="stmt"/>
      <line num="264" count="1" type="stmt"/>
      <line num="269" count="18" type="cond" truecount="2" falsecount="0"/>
      <line num="270" count="17" type="stmt"/>
      <line num="272" count="18" type="stmt"/>
      <line num="277" count="33" type="stmt"/>
      <line num="278" count="33" type="stmt"/>
      <line num="279" count="33" type="stmt"/>
      <line num="286" count="7" type="stmt"/>
      <line num="287" count="7" type="stmt"/>
      <line num="288" count="7" type="cond" truecount="1" falsecount="1"/>
      <line num="289" count="0" type="stmt"/>
      <line num="299" count="7" type="cond" truecount="2" falsecount="0"/>
      <line num="300" count="6" type="stmt"/>
      <line num="301" count="6" type="stmt"/>
      <line num="302" count="6" type="cond" truecount="2" falsecount="0"/>
      <line num="303" count="1" type="stmt"/>
      <line num="308" count="6" type="stmt"/>
      <line num="309" count="6" type="stmt"/>
      <line num="310" count="6" type="stmt"/>
      <line num="311" count="6" type="stmt"/>
      <line num="328" count="32" type="cond" truecount="2" falsecount="0"/>
      <line num="329" count="3" type="stmt"/>
      <line num="331" count="32" type="stmt"/>
      <line num="332" count="32" type="stmt"/>
      <line num="333" count="32" type="stmt"/>
      <line num="339" count="32" type="cond" truecount="2" falsecount="0"/>
      <line num="340" count="3" type="cond" truecount="2" falsecount="0"/>
      <line num="341" count="1" type="stmt"/>
      <line num="342" count="1" type="stmt"/>
      <line num="343" count="1" type="stmt"/>
      <line num="344" count="1" type="stmt"/>
      <line num="345" count="1" type="stmt"/>
      <line num="346" count="1" type="stmt"/>
      <line num="347" count="1" type="stmt"/>
      <line num="349" count="3" type="stmt"/>
      <line num="351" count="29" type="stmt"/>
      <line num="354" count="32" type="stmt"/>
      <line num="355" count="32" type="stmt"/>
      <line num="356" count="32" type="stmt"/>
      <line num="357" count="32" type="cond" truecount="2" falsecount="0"/>
      <line num="361" count="29" type="stmt"/>
      <line num="364" count="29" type="stmt"/>
      <line num="367" count="29" type="stmt"/>
      <line num="368" count="29" type="stmt"/>
      <line num="369" count="29" type="stmt"/>
      <line num="370" count="29" type="stmt"/>
      <line num="371" count="29" type="stmt"/>
      <line num="376" count="1" type="stmt"/>
      <line num="377" count="1" type="stmt"/>
      <line num="378" count="1" type="stmt"/>
      <line num="379" count="1" type="stmt"/>
      <line num="380" count="1" type="stmt"/>
      <line num="381" count="1" type="stmt"/>
      <line num="389" count="1" type="stmt"/>
      <line num="390" count="1" type="stmt"/>
      <line num="391" count="1" type="stmt"/>
      <line num="392" count="1" type="stmt"/>
      <line num="393" count="1" type="stmt"/>
      <line num="401" count="9" type="stmt"/>
      <line num="402" count="9" type="stmt"/>
      <line num="403" count="9" type="stmt"/>
      <line num="405" count="9" type="stmt"/>
      <line num="406" count="9" type="stmt"/>
      <line num="407" count="9" type="stmt"/>
    </file>
  </project>
</coverage>
