<?xml version="1.0" encoding="UTF-8"?>
<coverage generated="1770992993643" clover="3.2.0">
  <project timestamp="1770992993643" name="All files">
    <metrics statements="249" coveredstatements="243" conditionals="99" coveredconditionals="87" methods="35" coveredmethods="33" elements="383" coveredelements="363" complexity="0" loc="249" ncloc="249" packages="1" files="3" classes="3"/>
    <file name="logger.ts" path="/Users/john/projects/gym-timer/src/lib/logger.ts">
      <metrics statements="3" coveredstatements="3" conditionals="2" coveredconditionals="2" methods="1" coveredmethods="1"/>
      <line num="2" count="179" type="cond" truecount="2" falsecount="0"/>
      <line num="3" count="121" type="stmt"/>
      <line num="5" count="58" type="stmt"/>
    </file>
    <file name="presets.ts" path="/Users/john/projects/gym-timer/src/lib/presets.ts">
      <metrics statements="1" coveredstatements="1" conditionals="0" coveredconditionals="0" methods="0" coveredmethods="0"/>
      <line num="8" count="1" type="stmt"/>
    </file>
    <file name="timer.ts" path="/Users/john/projects/gym-timer/src/lib/timer.ts">
      <metrics statements="245" coveredstatements="239" conditionals="97" coveredconditionals="85" methods="34" coveredmethods="32"/>
      <line num="7" count="1" type="stmt"/>
      <line num="9" count="1" type="stmt"/>
      <line num="10" count="1" type="stmt"/>
      <line num="11" count="1" type="stmt"/>
      <line num="12" count="1" type="stmt"/>
      <line num="15" count="13" type="stmt"/>
      <line num="19" count="31" type="stmt"/>
      <line num="20" count="31" type="stmt"/>
      <line num="21" count="31" type="stmt"/>
      <line num="27" count="1" type="stmt"/>
      <line num="28" count="1" type="stmt"/>
      <line num="31" count="7" type="stmt"/>
      <line num="32" count="7" type="stmt"/>
      <line num="33" count="7" type="stmt"/>
      <line num="34" count="7" type="cond" truecount="2" falsecount="0"/>
      <line num="35" count="3" type="stmt"/>
      <line num="36" count="3" type="cond" truecount="1" falsecount="1"/>
      <line num="37" count="3" type="stmt"/>
      <line num="38" count="3" type="stmt"/>
      <line num="45" count="4" type="stmt"/>
      <line num="46" count="4" type="cond" truecount="4" falsecount="0"/>
      <line num="47" count="1" type="stmt"/>
      <line num="55" count="6" type="stmt"/>
      <line num="56" count="6" type="stmt"/>
      <line num="57" count="6" type="stmt"/>
      <line num="61" count="14" type="stmt"/>
      <line num="65" count="53" type="stmt"/>
      <line num="66" count="53" type="stmt"/>
      <line num="67" count="53" type="stmt"/>
      <line num="68" count="53" type="stmt"/>
      <line num="69" count="53" type="stmt"/>
      <line num="70" count="53" type="stmt"/>
      <line num="72" count="53" type="stmt"/>
      <line num="73" count="53" type="stmt"/>
      <line num="74" count="53" type="stmt"/>
      <line num="75" count="53" type="stmt"/>
      <line num="80" count="53" type="stmt"/>
      <line num="81" count="53" type="stmt"/>
      <line num="82" count="53" type="stmt"/>
      <line num="83" count="53" type="stmt"/>
      <line num="86" count="194" type="cond" truecount="2" falsecount="0"/>
      <line num="87" count="55" type="stmt"/>
      <line num="88" count="55" type="stmt"/>
      <line num="96" count="598" type="stmt"/>
      <line num="97" count="598" type="stmt"/>
      <line num="101" count="45" type="stmt"/>
      <line num="102" count="45" type="stmt"/>
      <line num="104" count="45" type="stmt"/>
      <line num="105" count="45" type="stmt"/>
      <line num="107" count="45" type="stmt"/>
      <line num="108" count="71" type="stmt"/>
      <line num="109" count="71" type="stmt"/>
      <line num="111" count="71" type="cond" truecount="4" falsecount="0"/>
      <line num="112" count="22" type="stmt"/>
      <line num="113" count="22" type="stmt"/>
      <line num="117" count="45" type="stmt"/>
      <line num="125" count="387" type="cond" truecount="1" falsecount="1"/>
      <line num="127" count="387" type="stmt"/>
      <line num="129" count="387" type="stmt"/>
      <line num="130" count="698" type="stmt"/>
      <line num="131" count="698" type="cond" truecount="2" falsecount="0"/>
      <line num="132" count="375" type="stmt"/>
      <line num="133" count="375" type="stmt"/>
      <line num="134" count="375" type="stmt"/>
      <line num="135" count="375" type="stmt"/>
      <line num="140" count="12" type="stmt"/>
      <line num="141" count="12" type="stmt"/>
      <line num="142" count="12" type="stmt"/>
      <line num="146" count="53" type="stmt"/>
      <line num="147" count="53" type="stmt"/>
      <line num="148" count="53" type="stmt"/>
      <line num="149" count="53" type="cond" truecount="2" falsecount="0"/>
      <line num="150" count="53" type="stmt"/>
      <line num="151" count="53" type="stmt"/>
      <line num="152" count="53" type="stmt"/>
      <line num="153" count="53" type="stmt"/>
      <line num="154" count="53" type="stmt"/>
      <line num="155" count="53" type="stmt"/>
      <line num="156" count="53" type="stmt"/>
      <line num="157" count="53" type="stmt"/>
      <line num="158" count="53" type="stmt"/>
      <line num="159" count="53" type="stmt"/>
      <line num="163" count="10" type="stmt"/>
      <line num="167" count="1" type="stmt"/>
      <line num="171" count="387" type="stmt"/>
      <line num="175" count="58" type="stmt"/>
      <line num="176" count="58" type="stmt"/>
      <line num="178" count="58" type="cond" truecount="2" falsecount="0"/>
      <line num="179" count="57" type="cond" truecount="4" falsecount="0"/>
      <line num="180" count="56" type="cond" truecount="4" falsecount="0"/>
      <line num="182" count="55" type="stmt"/>
      <line num="184" count="55" type="cond" truecount="2" falsecount="0"/>
      <line num="185" count="45" type="stmt"/>
      <line num="186" count="45" type="stmt"/>
      <line num="187" count="45" type="stmt"/>
      <line num="188" count="45" type="stmt"/>
      <line num="189" count="45" type="stmt"/>
      <line num="190" count="10" type="cond" truecount="1" falsecount="1"/>
      <line num="192" count="10" type="stmt"/>
      <line num="195" count="55" type="stmt"/>
      <line num="196" count="55" type="stmt"/>
      <line num="197" count="55" type="stmt"/>
      <line num="200" count="55" type="cond" truecount="4" falsecount="0"/>
      <line num="201" count="44" type="stmt"/>
      <line num="202" count="0" type="cond" truecount="0" falsecount="4"/>
      <line num="203" count="0" type="stmt"/>
      <line num="206" count="44" type="stmt"/>
      <line num="211" count="15" type="stmt"/>
      <line num="212" count="15" type="cond" truecount="2" falsecount="0"/>
      <line num="214" count="13" type="stmt"/>
      <line num="215" count="13" type="stmt"/>
      <line num="216" count="13" type="stmt"/>
      <line num="217" count="13" type="stmt"/>
      <line num="221" count="5" type="stmt"/>
      <line num="222" count="5" type="stmt"/>
      <line num="223" count="5" type="stmt"/>
      <line num="224" count="5" type="stmt"/>
      <line num="225" count="5" type="stmt"/>
      <line num="226" count="5" type="stmt"/>
      <line num="227" count="5" type="stmt"/>
      <line num="228" count="5" type="stmt"/>
      <line num="229" count="5" type="stmt"/>
      <line num="233" count="53" type="stmt"/>
      <line num="234" count="53" type="stmt"/>
      <line num="235" count="53" type="cond" truecount="4" falsecount="0"/>
      <line num="236" count="44" type="stmt"/>
      <line num="237" count="44" type="stmt"/>
      <line num="242" count="21" type="cond" truecount="2" falsecount="0"/>
      <line num="243" count="18" type="stmt"/>
      <line num="245" count="3" type="stmt"/>
      <line num="249" count="39" type="stmt"/>
      <line num="250" count="90" type="stmt"/>
      <line num="251" count="90" type="cond" truecount="2" falsecount="0"/>
      <line num="252" count="39" type="stmt"/>
      <line num="255" count="0" type="stmt"/>
      <line num="259" count="21" type="stmt"/>
      <line num="260" count="21" type="cond" truecount="3" falsecount="1"/>
      <line num="262" count="21" type="stmt"/>
      <line num="263" count="21" type="stmt"/>
      <line num="264" count="21" type="stmt"/>
      <line num="266" count="21" type="cond" truecount="2" falsecount="0"/>
      <line num="267" count="3" type="stmt"/>
      <line num="268" count="3" type="stmt"/>
      <line num="269" count="3" type="stmt"/>
      <line num="270" count="3" type="stmt"/>
      <line num="273" count="18" type="cond" truecount="2" falsecount="0"/>
      <line num="274" count="15" type="stmt"/>
      <line num="276" count="3" type="stmt"/>
      <line num="279" count="18" type="stmt"/>
      <line num="280" count="18" type="stmt"/>
      <line num="281" count="18" type="stmt"/>
      <line num="282" count="18" type="stmt"/>
      <line num="283" count="18" type="stmt"/>
      <line num="287" count="16" type="stmt"/>
      <line num="288" count="16" type="cond" truecount="4" falsecount="0"/>
      <line num="289" count="14" type="cond" truecount="1" falsecount="1"/>
      <line num="291" count="14" type="stmt"/>
      <line num="292" count="14" type="stmt"/>
      <line num="294" count="14" type="cond" truecount="2" falsecount="0"/>
      <line num="295" count="3" type="stmt"/>
      <line num="296" count="3" type="stmt"/>
      <line num="298" count="11" type="stmt"/>
      <line num="303" count="9" type="stmt"/>
      <line num="304" count="9" type="cond" truecount="4" falsecount="0"/>
      <line num="305" count="7" type="cond" truecount="1" falsecount="1"/>
      <line num="307" count="7" type="stmt"/>
      <line num="308" count="7" type="stmt"/>
      <line num="310" count="7" type="cond" truecount="1" falsecount="1"/>
      <line num="311" count="0" type="stmt"/>
      <line num="312" count="0" type="stmt"/>
      <line num="315" count="7" type="stmt"/>
      <line num="316" count="7" type="stmt"/>
      <line num="318" count="7" type="cond" truecount="2" falsecount="0"/>
      <line num="319" count="3" type="stmt"/>
      <line num="320" count="4" type="cond" truecount="2" falsecount="0"/>
      <line num="321" count="3" type="stmt"/>
      <line num="323" count="1" type="stmt"/>
      <line num="327" count="53" type="stmt"/>
      <line num="346" count="1" type="stmt"/>
      <line num="347" count="1" type="stmt"/>
      <line num="348" count="1" type="stmt"/>
      <line num="352" count="1" type="stmt"/>
      <line num="357" count="18" type="cond" truecount="2" falsecount="0"/>
      <line num="358" count="17" type="stmt"/>
      <line num="360" count="18" type="stmt"/>
      <line num="365" count="33" type="stmt"/>
      <line num="366" count="33" type="stmt"/>
      <line num="367" count="33" type="stmt"/>
      <line num="374" count="7" type="stmt"/>
      <line num="375" count="7" type="stmt"/>
      <line num="376" count="7" type="cond" truecount="1" falsecount="1"/>
      <line num="377" count="0" type="stmt"/>
      <line num="387" count="7" type="cond" truecount="2" falsecount="0"/>
      <line num="388" count="6" type="stmt"/>
      <line num="389" count="6" type="stmt"/>
      <line num="390" count="6" type="cond" truecount="2" falsecount="0"/>
      <line num="391" count="1" type="stmt"/>
      <line num="396" count="6" type="stmt"/>
      <line num="397" count="6" type="stmt"/>
      <line num="398" count="6" type="stmt"/>
      <line num="399" count="6" type="stmt"/>
      <line num="416" count="32" type="cond" truecount="2" falsecount="0"/>
      <line num="417" count="3" type="stmt"/>
      <line num="419" count="32" type="stmt"/>
      <line num="420" count="32" type="stmt"/>
      <line num="421" count="32" type="stmt"/>
      <line num="427" count="32" type="cond" truecount="2" falsecount="0"/>
      <line num="428" count="3" type="cond" truecount="2" falsecount="0"/>
      <line num="429" count="1" type="stmt"/>
      <line num="430" count="1" type="stmt"/>
      <line num="431" count="1" type="stmt"/>
      <line num="432" count="1" type="stmt"/>
      <line num="433" count="1" type="stmt"/>
      <line num="434" count="1" type="stmt"/>
      <line num="435" count="1" type="stmt"/>
      <line num="437" count="3" type="stmt"/>
      <line num="439" count="29" type="stmt"/>
      <line num="442" count="32" type="stmt"/>
      <line num="443" count="32" type="stmt"/>
      <line num="444" count="32" type="stmt"/>
      <line num="445" count="32" type="cond" truecount="2" falsecount="0"/>
      <line num="449" count="29" type="stmt"/>
      <line num="452" count="29" type="stmt"/>
      <line num="455" count="29" type="stmt"/>
      <line num="456" count="29" type="stmt"/>
      <line num="457" count="29" type="stmt"/>
      <line num="458" count="29" type="stmt"/>
      <line num="459" count="29" type="stmt"/>
      <line num="464" count="1" type="stmt"/>
      <line num="465" count="1" type="stmt"/>
      <line num="466" count="1" type="stmt"/>
      <line num="467" count="1" type="stmt"/>
      <line num="468" count="1" type="stmt"/>
      <line num="469" count="1" type="stmt"/>
      <line num="477" count="1" type="stmt"/>
      <line num="478" count="1" type="stmt"/>
      <line num="479" count="1" type="stmt"/>
      <line num="480" count="1" type="stmt"/>
      <line num="481" count="1" type="stmt"/>
      <line num="489" count="9" type="stmt"/>
      <line num="490" count="9" type="stmt"/>
      <line num="491" count="9" type="stmt"/>
      <line num="493" count="9" type="stmt"/>
      <line num="494" count="9" type="stmt"/>
      <line num="495" count="9" type="stmt"/>
    </file>
  </project>
</coverage>
