{"/Users/john/projects/gym-timer/src/lib/logger.ts": {"path":"/Users/john/projects/gym-timer/src/lib/logger.ts","statementMap":{"0":{"start":{"line":2,"column":2},"end":{"line":6,"column":null}},"1":{"start":{"line":3,"column":4},"end":{"line":3,"column":null}},"2":{"start":{"line":5,"column":4},"end":{"line":5,"column":null}}},"fnMap":{"0":{"name":"log","decl":{"start":{"line":1,"column":16},"end":{"line":1,"column":20}},"loc":{"start":{"line":1,"column":73},"end":{"line":7,"column":null}},"line":1}},"branchMap":{"0":{"loc":{"start":{"line":2,"column":2},"end":{"line":6,"column":null}},"type":"if","locations":[{"start":{"line":2,"column":2},"end":{"line":6,"column":null}},{"start":{"line":4,"column":9},"end":{"line":6,"column":null}}],"line":2}},"s":{"0":179,"1":121,"2":58},"f":{"0":179},"b":{"0":[121,58]},"meta":{"lastBranch":1,"lastFunction":1,"lastStatement":3,"seen":{"f:1:16:1:20":0,"b:2:2:6:Infinity:4:9:6:Infinity":0,"s:2:2:6:Infinity":0,"s:3:4:3:Infinity":1,"s:5:4:5:Infinity":2}}}
,"/Users/john/projects/gym-timer/src/lib/presets.ts": {"path":"/Users/john/projects/gym-timer/src/lib/presets.ts","statementMap":{"0":{"start":{"line":8,"column":33},"end":{"line":14,"column":null}}},"fnMap":{},"branchMap":{},"s":{"0":1},"f":{},"b":{},"meta":{"lastBranch":0,"lastFunction":0,"lastStatement":1,"seen":{"s:8:33:14:Infinity":0}}}
,"/Users/john/projects/gym-timer/src/lib/timer.ts": {"path":"/Users/john/projects/gym-timer/src/lib/timer.ts","statementMap":{"0":{"start":{"line":7,"column":34},"end":{"line":7,"column":null}},"1":{"start":{"line":9,"column":27},"end":{"line":9,"column":null}},"2":{"start":{"line":10,"column":26},"end":{"line":10,"column":null}},"3":{"start":{"line":11,"column":34},"end":{"line":11,"column":null}},"4":{"start":{"line":12,"column":20},"end":{"line":12,"column":null}},"5":{"start":{"line":15,"column":2},"end":{"line":15,"column":null}},"6":{"start":{"line":19,"column":2},"end":{"line":19,"column":null}},"7":{"start":{"line":20,"column":2},"end":{"line":24,"column":null}},"8":{"start":{"line":21,"column":4},"end":{"line":21,"column":null}},"9":{"start":{"line":27,"column":23},"end":{"line":27,"column":null}},"10":{"start":{"line":28,"column":31},"end":{"line":28,"column":null}},"11":{"start":{"line":31,"column":2},"end":{"line":31,"column":null}},"12":{"start":{"line":32,"column":2},"end":{"line":43,"column":null}},"13":{"start":{"line":33,"column":19},"end":{"line":33,"column":null}},"14":{"start":{"line":34,"column":4},"end":{"line":40,"column":null}},"15":{"start":{"line":35,"column":21},"end":{"line":35,"column":null}},"16":{"start":{"line":36,"column":6},"end":{"line":39,"column":null}},"17":{"start":{"line":37,"column":8},"end":{"line":37,"column":null}},"18":{"start":{"line":38,"column":8},"end":{"line":38,"column":null}},"19":{"start":{"line":45,"column":2},"end":{"line":51,"column":null}},"20":{"start":{"line":46,"column":4},"end":{"line":48,"column":null}},"21":{"start":{"line":47,"column":6},"end":{"line":47,"column":null}},"22":{"start":{"line":55,"column":15},"end":{"line":55,"column":null}},"23":{"start":{"line":56,"column":15},"end":{"line":56,"column":null}},"24":{"start":{"line":57,"column":2},"end":{"line":57,"column":null}},"25":{"start":{"line":61,"column":2},"end":{"line":61,"column":null}},"26":{"start":{"line":65,"column":8},"end":{"line":65,"column":null}},"27":{"start":{"line":66,"column":8},"end":{"line":66,"column":null}},"28":{"start":{"line":67,"column":8},"end":{"line":67,"column":null}},"29":{"start":{"line":68,"column":8},"end":{"line":68,"column":null}},"30":{"start":{"line":69,"column":8},"end":{"line":69,"column":null}},"31":{"start":{"line":70,"column":8},"end":{"line":70,"column":null}},"32":{"start":{"line":72,"column":58},"end":{"line":72,"column":null}},"33":{"start":{"line":73,"column":22},"end":{"line":73,"column":null}},"34":{"start":{"line":74,"column":22},"end":{"line":74,"column":null}},"35":{"start":{"line":75,"column":19},"end":{"line":75,"column":null}},"36":{"start":{"line":80,"column":95},"end":{"line":80,"column":null}},"37":{"start":{"line":81,"column":19},"end":{"line":81,"column":null}},"38":{"start":{"line":82,"column":23},"end":{"line":82,"column":null}},"39":{"start":{"line":83,"column":48},"end":{"line":83,"column":null}},"40":{"start":{"line":86,"column":4},"end":{"line":89,"column":null}},"41":{"start":{"line":87,"column":6},"end":{"line":87,"column":null}},"42":{"start":{"line":88,"column":6},"end":{"line":88,"column":null}},"43":{"start":{"line":96,"column":4},"end":{"line":96,"column":null}},"44":{"start":{"line":96,"column":28},"end":{"line":96,"column":38}},"45":{"start":{"line":97,"column":4},"end":{"line":97,"column":null}},"46":{"start":{"line":101,"column":39},"end":{"line":101,"column":null}},"47":{"start":{"line":102,"column":17},"end":{"line":102,"column":null}},"48":{"start":{"line":104,"column":4},"end":{"line":104,"column":null}},"49":{"start":{"line":105,"column":4},"end":{"line":105,"column":null}},"50":{"start":{"line":107,"column":4},"end":{"line":115,"column":null}},"51":{"start":{"line":107,"column":19},"end":{"line":107,"column":22}},"52":{"start":{"line":108,"column":6},"end":{"line":108,"column":null}},"53":{"start":{"line":109,"column":6},"end":{"line":109,"column":null}},"54":{"start":{"line":111,"column":6},"end":{"line":114,"column":null}},"55":{"start":{"line":112,"column":8},"end":{"line":112,"column":null}},"56":{"start":{"line":113,"column":8},"end":{"line":113,"column":null}},"57":{"start":{"line":117,"column":4},"end":{"line":117,"column":null}},"58":{"start":{"line":125,"column":4},"end":{"line":125,"column":null}},"59":{"start":{"line":125,"column":40},"end":{"line":125,"column":null}},"60":{"start":{"line":127,"column":20},"end":{"line":127,"column":null}},"61":{"start":{"line":129,"column":4},"end":{"line":137,"column":null}},"62":{"start":{"line":130,"column":21},"end":{"line":130,"column":null}},"63":{"start":{"line":131,"column":6},"end":{"line":136,"column":null}},"64":{"start":{"line":132,"column":8},"end":{"line":132,"column":null}},"65":{"start":{"line":133,"column":8},"end":{"line":133,"column":null}},"66":{"start":{"line":134,"column":8},"end":{"line":134,"column":null}},"67":{"start":{"line":135,"column":8},"end":{"line":135,"column":null}},"68":{"start":{"line":140,"column":4},"end":{"line":140,"column":null}},"69":{"start":{"line":141,"column":4},"end":{"line":141,"column":null}},"70":{"start":{"line":142,"column":4},"end":{"line":142,"column":null}},"71":{"start":{"line":146,"column":4},"end":{"line":146,"column":null}},"72":{"start":{"line":147,"column":4},"end":{"line":147,"column":null}},"73":{"start":{"line":148,"column":4},"end":{"line":148,"column":null}},"74":{"start":{"line":149,"column":4},"end":{"line":149,"column":null}},"75":{"start":{"line":150,"column":4},"end":{"line":150,"column":null}},"76":{"start":{"line":151,"column":4},"end":{"line":151,"column":null}},"77":{"start":{"line":152,"column":4},"end":{"line":152,"column":null}},"78":{"start":{"line":153,"column":4},"end":{"line":153,"column":null}},"79":{"start":{"line":154,"column":4},"end":{"line":154,"column":null}},"80":{"start":{"line":155,"column":4},"end":{"line":155,"column":null}},"81":{"start":{"line":156,"column":4},"end":{"line":156,"column":null}},"82":{"start":{"line":157,"column":4},"end":{"line":157,"column":null}},"83":{"start":{"line":158,"column":4},"end":{"line":158,"column":null}},"84":{"start":{"line":159,"column":4},"end":{"line":159,"column":null}},"85":{"start":{"line":163,"column":4},"end":{"line":163,"column":null}},"86":{"start":{"line":167,"column":4},"end":{"line":167,"column":null}},"87":{"start":{"line":171,"column":4},"end":{"line":171,"column":null}},"88":{"start":{"line":175,"column":29},"end":{"line":175,"column":null}},"89":{"start":{"line":176,"column":26},"end":{"line":176,"column":null}},"90":{"start":{"line":178,"column":4},"end":{"line":178,"column":null}},"91":{"start":{"line":178,"column":37},"end":{"line":178,"column":null}},"92":{"start":{"line":179,"column":4},"end":{"line":179,"column":null}},"93":{"start":{"line":179,"column":56},"end":{"line":179,"column":null}},"94":{"start":{"line":180,"column":4},"end":{"line":180,"column":null}},"95":{"start":{"line":180,"column":59},"end":{"line":180,"column":null}},"96":{"start":{"line":182,"column":4},"end":{"line":182,"column":null}},"97":{"start":{"line":184,"column":4},"end":{"line":193,"column":null}},"98":{"start":{"line":185,"column":6},"end":{"line":185,"column":null}},"99":{"start":{"line":186,"column":6},"end":{"line":186,"column":null}},"100":{"start":{"line":187,"column":6},"end":{"line":187,"column":null}},"101":{"start":{"line":188,"column":6},"end":{"line":188,"column":null}},"102":{"start":{"line":189,"column":6},"end":{"line":189,"column":null}},"103":{"start":{"line":190,"column":4},"end":{"line":193,"column":null}},"104":{"start":{"line":192,"column":6},"end":{"line":192,"column":null}},"105":{"start":{"line":195,"column":4},"end":{"line":195,"column":null}},"106":{"start":{"line":196,"column":4},"end":{"line":196,"column":null}},"107":{"start":{"line":197,"column":4},"end":{"line":197,"column":null}},"108":{"start":{"line":200,"column":4},"end":{"line":207,"column":null}},"109":{"start":{"line":201,"column":6},"end":{"line":205,"column":null}},"110":{"start":{"line":202,"column":8},"end":{"line":204,"column":null}},"111":{"start":{"line":203,"column":10},"end":{"line":203,"column":null}},"112":{"start":{"line":206,"column":6},"end":{"line":206,"column":null}},"113":{"start":{"line":211,"column":26},"end":{"line":211,"column":null}},"114":{"start":{"line":212,"column":4},"end":{"line":212,"column":null}},"115":{"start":{"line":212,"column":37},"end":{"line":212,"column":null}},"116":{"start":{"line":214,"column":4},"end":{"line":214,"column":null}},"117":{"start":{"line":215,"column":4},"end":{"line":215,"column":null}},"118":{"start":{"line":216,"column":4},"end":{"line":216,"column":null}},"119":{"start":{"line":217,"column":4},"end":{"line":217,"column":null}},"120":{"start":{"line":221,"column":4},"end":{"line":221,"column":null}},"121":{"start":{"line":222,"column":4},"end":{"line":222,"column":null}},"122":{"start":{"line":223,"column":4},"end":{"line":223,"column":null}},"123":{"start":{"line":224,"column":4},"end":{"line":224,"column":null}},"124":{"start":{"line":225,"column":4},"end":{"line":225,"column":null}},"125":{"start":{"line":226,"column":4},"end":{"line":226,"column":null}},"126":{"start":{"line":227,"column":4},"end":{"line":227,"column":null}},"127":{"start":{"line":228,"column":4},"end":{"line":228,"column":null}},"128":{"start":{"line":229,"column":4},"end":{"line":229,"column":null}},"129":{"start":{"line":233,"column":4},"end":{"line":233,"column":null}},"130":{"start":{"line":234,"column":4},"end":{"line":234,"column":null}},"131":{"start":{"line":235,"column":4},"end":{"line":238,"column":null}},"132":{"start":{"line":236,"column":6},"end":{"line":236,"column":null}},"133":{"start":{"line":237,"column":6},"end":{"line":237,"column":null}},"134":{"start":{"line":242,"column":4},"end":{"line":244,"column":null}},"135":{"start":{"line":243,"column":6},"end":{"line":243,"column":null}},"136":{"start":{"line":245,"column":4},"end":{"line":245,"column":null}},"137":{"start":{"line":249,"column":4},"end":{"line":254,"column":null}},"138":{"start":{"line":249,"column":17},"end":{"line":249,"column":20}},"139":{"start":{"line":250,"column":18},"end":{"line":250,"column":null}},"140":{"start":{"line":251,"column":6},"end":{"line":253,"column":null}},"141":{"start":{"line":252,"column":8},"end":{"line":252,"column":null}},"142":{"start":{"line":255,"column":4},"end":{"line":255,"column":null}},"143":{"start":{"line":259,"column":26},"end":{"line":259,"column":null}},"144":{"start":{"line":260,"column":4},"end":{"line":260,"column":null}},"145":{"start":{"line":260,"column":67},"end":{"line":260,"column":null}},"146":{"start":{"line":262,"column":23},"end":{"line":262,"column":null}},"147":{"start":{"line":263,"column":20},"end":{"line":263,"column":null}},"148":{"start":{"line":264,"column":21},"end":{"line":264,"column":null}},"149":{"start":{"line":266,"column":4},"end":{"line":271,"column":null}},"150":{"start":{"line":267,"column":6},"end":{"line":267,"column":null}},"151":{"start":{"line":268,"column":6},"end":{"line":268,"column":null}},"152":{"start":{"line":269,"column":6},"end":{"line":269,"column":null}},"153":{"start":{"line":270,"column":6},"end":{"line":270,"column":null}},"154":{"start":{"line":273,"column":4},"end":{"line":277,"column":null}},"155":{"start":{"line":274,"column":6},"end":{"line":274,"column":null}},"156":{"start":{"line":276,"column":6},"end":{"line":276,"column":null}},"157":{"start":{"line":279,"column":16},"end":{"line":279,"column":null}},"158":{"start":{"line":280,"column":16},"end":{"line":280,"column":null}},"159":{"start":{"line":281,"column":4},"end":{"line":281,"column":null}},"160":{"start":{"line":282,"column":4},"end":{"line":282,"column":null}},"161":{"start":{"line":283,"column":4},"end":{"line":283,"column":null}},"162":{"start":{"line":287,"column":26},"end":{"line":287,"column":null}},"163":{"start":{"line":288,"column":4},"end":{"line":288,"column":null}},"164":{"start":{"line":288,"column":67},"end":{"line":288,"column":null}},"165":{"start":{"line":289,"column":4},"end":{"line":289,"column":null}},"166":{"start":{"line":289,"column":32},"end":{"line":289,"column":null}},"167":{"start":{"line":291,"column":23},"end":{"line":291,"column":null}},"168":{"start":{"line":292,"column":16},"end":{"line":292,"column":null}},"169":{"start":{"line":294,"column":4},"end":{"line":299,"column":null}},"170":{"start":{"line":295,"column":22},"end":{"line":295,"column":null}},"171":{"start":{"line":296,"column":6},"end":{"line":296,"column":null}},"172":{"start":{"line":298,"column":6},"end":{"line":298,"column":null}},"173":{"start":{"line":303,"column":26},"end":{"line":303,"column":null}},"174":{"start":{"line":304,"column":4},"end":{"line":304,"column":null}},"175":{"start":{"line":304,"column":67},"end":{"line":304,"column":null}},"176":{"start":{"line":305,"column":4},"end":{"line":305,"column":null}},"177":{"start":{"line":305,"column":32},"end":{"line":305,"column":null}},"178":{"start":{"line":307,"column":23},"end":{"line":307,"column":null}},"179":{"start":{"line":308,"column":16},"end":{"line":308,"column":null}},"180":{"start":{"line":310,"column":4},"end":{"line":313,"column":null}},"181":{"start":{"line":311,"column":6},"end":{"line":311,"column":null}},"182":{"start":{"line":312,"column":6},"end":{"line":312,"column":null}},"183":{"start":{"line":315,"column":16},"end":{"line":315,"column":null}},"184":{"start":{"line":316,"column":22},"end":{"line":316,"column":null}},"185":{"start":{"line":318,"column":4},"end":{"line":324,"column":null}},"186":{"start":{"line":319,"column":6},"end":{"line":319,"column":null}},"187":{"start":{"line":320,"column":4},"end":{"line":324,"column":null}},"188":{"start":{"line":321,"column":6},"end":{"line":321,"column":null}},"189":{"start":{"line":323,"column":6},"end":{"line":323,"column":null}},"190":{"start":{"line":327,"column":2},"end":{"line":343,"column":null}},"191":{"start":{"line":346,"column":37},"end":{"line":346,"column":null}},"192":{"start":{"line":347,"column":28},"end":{"line":347,"column":null}},"193":{"start":{"line":348,"column":55},"end":{"line":348,"column":null}},"194":{"start":{"line":352,"column":19},"end":{"line":352,"column":null}},"195":{"start":{"line":357,"column":2},"end":{"line":359,"column":null}},"196":{"start":{"line":358,"column":4},"end":{"line":358,"column":null}},"197":{"start":{"line":360,"column":2},"end":{"line":360,"column":null}},"198":{"start":{"line":365,"column":2},"end":{"line":365,"column":null}},"199":{"start":{"line":366,"column":2},"end":{"line":366,"column":null}},"200":{"start":{"line":367,"column":2},"end":{"line":367,"column":null}},"201":{"start":{"line":374,"column":2},"end":{"line":381,"column":null}},"202":{"start":{"line":375,"column":16},"end":{"line":375,"column":null}},"203":{"start":{"line":376,"column":4},"end":{"line":378,"column":null}},"204":{"start":{"line":377,"column":6},"end":{"line":377,"column":null}},"205":{"start":{"line":387,"column":2},"end":{"line":404,"column":null}},"206":{"start":{"line":388,"column":4},"end":{"line":395,"column":null}},"207":{"start":{"line":389,"column":18},"end":{"line":389,"column":null}},"208":{"start":{"line":390,"column":6},"end":{"line":392,"column":null}},"209":{"start":{"line":391,"column":8},"end":{"line":391,"column":null}},"210":{"start":{"line":396,"column":4},"end":{"line":403,"column":null}},"211":{"start":{"line":397,"column":20},"end":{"line":397,"column":null}},"212":{"start":{"line":398,"column":6},"end":{"line":400,"column":null}},"213":{"start":{"line":399,"column":8},"end":{"line":399,"column":null}},"214":{"start":{"line":416,"column":2},"end":{"line":418,"column":null}},"215":{"start":{"line":417,"column":4},"end":{"line":417,"column":null}},"216":{"start":{"line":419,"column":14},"end":{"line":419,"column":null}},"217":{"start":{"line":420,"column":15},"end":{"line":420,"column":null}},"218":{"start":{"line":421,"column":2},"end":{"line":421,"column":null}},"219":{"start":{"line":427,"column":2},"end":{"line":440,"column":null}},"220":{"start":{"line":428,"column":4},"end":{"line":436,"column":null}},"221":{"start":{"line":429,"column":6},"end":{"line":429,"column":null}},"222":{"start":{"line":430,"column":6},"end":{"line":430,"column":null}},"223":{"start":{"line":431,"column":6},"end":{"line":431,"column":null}},"224":{"start":{"line":432,"column":6},"end":{"line":432,"column":null}},"225":{"start":{"line":433,"column":6},"end":{"line":433,"column":null}},"226":{"start":{"line":434,"column":6},"end":{"line":434,"column":null}},"227":{"start":{"line":435,"column":6},"end":{"line":435,"column":null}},"228":{"start":{"line":437,"column":4},"end":{"line":437,"column":null}},"229":{"start":{"line":439,"column":4},"end":{"line":439,"column":null}},"230":{"start":{"line":442,"column":2},"end":{"line":442,"column":null}},"231":{"start":{"line":443,"column":2},"end":{"line":443,"column":null}},"232":{"start":{"line":444,"column":26},"end":{"line":444,"column":null}},"233":{"start":{"line":445,"column":2},"end":{"line":445,"column":null}},"234":{"start":{"line":445,"column":28},"end":{"line":445,"column":null}},"235":{"start":{"line":449,"column":20},"end":{"line":449,"column":null}},"236":{"start":{"line":452,"column":2},"end":{"line":452,"column":null}},"237":{"start":{"line":455,"column":2},"end":{"line":455,"column":null}},"238":{"start":{"line":456,"column":2},"end":{"line":456,"column":null}},"239":{"start":{"line":457,"column":2},"end":{"line":457,"column":null}},"240":{"start":{"line":458,"column":2},"end":{"line":458,"column":null}},"241":{"start":{"line":459,"column":2},"end":{"line":459,"column":null}},"242":{"start":{"line":464,"column":2},"end":{"line":472,"column":null}},"243":{"start":{"line":465,"column":16},"end":{"line":465,"column":null}},"244":{"start":{"line":466,"column":14},"end":{"line":466,"column":null}},"245":{"start":{"line":467,"column":4},"end":{"line":467,"column":null}},"246":{"start":{"line":468,"column":4},"end":{"line":468,"column":null}},"247":{"start":{"line":469,"column":4},"end":{"line":469,"column":null}},"248":{"start":{"line":477,"column":2},"end":{"line":484,"column":null}},"249":{"start":{"line":478,"column":16},"end":{"line":478,"column":null}},"250":{"start":{"line":479,"column":14},"end":{"line":479,"column":null}},"251":{"start":{"line":480,"column":4},"end":{"line":480,"column":null}},"252":{"start":{"line":481,"column":4},"end":{"line":481,"column":null}},"253":{"start":{"line":489,"column":2},"end":{"line":498,"column":null}},"254":{"start":{"line":490,"column":16},"end":{"line":490,"column":null}},"255":{"start":{"line":491,"column":14},"end":{"line":491,"column":null}},"256":{"start":{"line":493,"column":4},"end":{"line":493,"column":null}},"257":{"start":{"line":494,"column":4},"end":{"line":494,"column":null}},"258":{"start":{"line":495,"column":4},"end":{"line":495,"column":null}}},"fnMap":{"0":{"name":"getMasterVolume","decl":{"start":{"line":14,"column":16},"end":{"line":14,"column":42}},"loc":{"start":{"line":14,"column":42},"end":{"line":16,"column":null}},"line":14},"1":{"name":"setMasterVolume","decl":{"start":{"line":18,"column":16},"end":{"line":18,"column":32}},"loc":{"start":{"line":18,"column":49},"end":{"line":25,"column":null}},"line":18},"2":{"name":"initVolume","decl":{"start":{"line":30,"column":16},"end":{"line":30,"column":35}},"loc":{"start":{"line":30,"column":35},"end":{"line":52,"column":null}},"line":30},"3":{"name":"formatTime","decl":{"start":{"line":54,"column":16},"end":{"line":54,"column":27}},"loc":{"start":{"line":54,"column":57},"end":{"line":58,"column":null}},"line":54},"4":{"name":"totalSeconds","decl":{"start":{"line":60,"column":16},"end":{"line":60,"column":29}},"loc":{"start":{"line":60,"column":71},"end":{"line":62,"column":null}},"line":60},"5":{"name":"createTimer","decl":{"start":{"line":64,"column":16},"end":{"line":64,"column":30}},"loc":{"start":{"line":64,"column":30},"end":{"line":344,"column":null}},"line":64},"6":{"name":"clearTick","decl":{"start":{"line":85,"column":11},"end":{"line":85,"column":23}},"loc":{"start":{"line":85,"column":23},"end":{"line":90,"column":null}},"line":85},"7":{"name":"getStore","decl":{"start":{"line":92,"column":11},"end":{"line":92,"column":23}},"loc":{"start":{"line":94,"column":8},"end":{"line":98,"column":null}},"line":94},"8":{"name":"(anonymous_8)","decl":{"start":{"line":96,"column":20},"end":{"line":96,"column":21}},"loc":{"start":{"line":96,"column":28},"end":{"line":96,"column":38}},"line":96},"9":{"name":"buildTimeline","decl":{"start":{"line":100,"column":11},"end":{"line":100,"column":45}},"loc":{"start":{"line":100,"column":45},"end":{"line":118,"column":null}},"line":100},"10":{"name":"syncState","decl":{"start":{"line":121,"column":11},"end":{"line":121,"column":23}},"loc":{"start":{"line":121,"column":23},"end":{"line":143,"column":null}},"line":121},"11":{"name":"configure","decl":{"start":{"line":145,"column":11},"end":{"line":145,"column":21}},"loc":{"start":{"line":145,"column":63},"end":{"line":160,"column":null}},"line":145},"12":{"name":"setDuration","decl":{"start":{"line":162,"column":11},"end":{"line":162,"column":23}},"loc":{"start":{"line":162,"column":57},"end":{"line":164,"column":null}},"line":162},"13":{"name":"setDurationSeconds","decl":{"start":{"line":166,"column":11},"end":{"line":166,"column":30}},"loc":{"start":{"line":166,"column":44},"end":{"line":168,"column":null}},"line":166},"14":{"name":"tick","decl":{"start":{"line":170,"column":11},"end":{"line":170,"column":18}},"loc":{"start":{"line":170,"column":18},"end":{"line":172,"column":null}},"line":170},"15":{"name":"start","decl":{"start":{"line":174,"column":11},"end":{"line":174,"column":19}},"loc":{"start":{"line":174,"column":19},"end":{"line":208,"column":null}},"line":174},"16":{"name":"(anonymous_16)","decl":{"start":{"line":201,"column":27},"end":{"line":201,"column":33}},"loc":{"start":{"line":201,"column":33},"end":{"line":205,"column":null}},"line":201},"17":{"name":"pause","decl":{"start":{"line":210,"column":11},"end":{"line":210,"column":19}},"loc":{"start":{"line":210,"column":19},"end":{"line":218,"column":null}},"line":210},"18":{"name":"reset","decl":{"start":{"line":220,"column":11},"end":{"line":220,"column":19}},"loc":{"start":{"line":220,"column":19},"end":{"line":230,"column":null}},"line":220},"19":{"name":"destroy","decl":{"start":{"line":232,"column":11},"end":{"line":232,"column":21}},"loc":{"start":{"line":232,"column":21},"end":{"line":239,"column":null}},"line":232},"20":{"name":"getElapsedMs","decl":{"start":{"line":241,"column":11},"end":{"line":241,"column":34}},"loc":{"start":{"line":241,"column":34},"end":{"line":246,"column":null}},"line":241},"21":{"name":"segmentIndexAt","decl":{"start":{"line":248,"column":11},"end":{"line":248,"column":26}},"loc":{"start":{"line":248,"column":54},"end":{"line":256,"column":null}},"line":248},"22":{"name":"seekTo","decl":{"start":{"line":258,"column":11},"end":{"line":258,"column":18}},"loc":{"start":{"line":258,"column":43},"end":{"line":284,"column":null}},"line":258},"23":{"name":"skipForward","decl":{"start":{"line":286,"column":11},"end":{"line":286,"column":31}},"loc":{"start":{"line":286,"column":31},"end":{"line":300,"column":null}},"line":286},"24":{"name":"skipBackward","decl":{"start":{"line":302,"column":11},"end":{"line":302,"column":32}},"loc":{"start":{"line":302,"column":32},"end":{"line":325,"column":null}},"line":302},"25":{"name":"getAudioContext","decl":{"start":{"line":356,"column":9},"end":{"line":356,"column":41}},"loc":{"start":{"line":356,"column":41},"end":{"line":361,"column":null}},"line":356},"26":{"name":"resetAudioContext","decl":{"start":{"line":364,"column":16},"end":{"line":364,"column":42}},"loc":{"start":{"line":364,"column":42},"end":{"line":368,"column":null}},"line":364},"27":{"name":"resumeAudioContext","decl":{"start":{"line":373,"column":16},"end":{"line":373,"column":43}},"loc":{"start":{"line":373,"column":43},"end":{"line":405,"column":null}},"line":373},"28":{"name":"(anonymous_28)","decl":{"start":{"line":398,"column":24},"end":{"line":398,"column":30}},"loc":{"start":{"line":398,"column":30},"end":{"line":400,"column":7}},"line":398},"29":{"name":"(anonymous_29)","decl":{"start":{"line":400,"column":15},"end":{"line":400,"column":21}},"loc":{"start":{"line":400,"column":21},"end":{"line":400,"column":23}},"line":400},"30":{"name":"playTone","decl":{"start":{"line":407,"column":9},"end":{"line":407,"column":null}},"loc":{"start":{"line":413,"column":8},"end":{"line":460,"column":null}},"line":413},"31":{"name":"playFinishSound","decl":{"start":{"line":463,"column":16},"end":{"line":463,"column":34}},"loc":{"start":{"line":463,"column":34},"end":{"line":473,"column":null}},"line":463},"32":{"name":"playRestStartSound","decl":{"start":{"line":476,"column":16},"end":{"line":476,"column":37}},"loc":{"start":{"line":476,"column":37},"end":{"line":485,"column":null}},"line":476},"33":{"name":"playWorkStartSound","decl":{"start":{"line":488,"column":16},"end":{"line":488,"column":37}},"loc":{"start":{"line":488,"column":37},"end":{"line":499,"column":null}},"line":488}},"branchMap":{"0":{"loc":{"start":{"line":34,"column":4},"end":{"line":40,"column":null}},"type":"if","locations":[{"start":{"line":34,"column":4},"end":{"line":40,"column":null}},{"start":{},"end":{}}],"line":34},"1":{"loc":{"start":{"line":36,"column":6},"end":{"line":39,"column":null}},"type":"if","locations":[{"start":{"line":36,"column":6},"end":{"line":39,"column":null}},{"start":{},"end":{}}],"line":36},"2":{"loc":{"start":{"line":46,"column":4},"end":{"line":48,"column":null}},"type":"if","locations":[{"start":{"line":46,"column":4},"end":{"line":48,"column":null}},{"start":{},"end":{}}],"line":46},"3":{"loc":{"start":{"line":46,"column":8},"end":{"line":46,"column":86}},"type":"binary-expr","locations":[{"start":{"line":46,"column":8},"end":{"line":46,"column":41}},{"start":{"line":46,"column":41},"end":{"line":46,"column":86}}],"line":46},"4":{"loc":{"start":{"line":86,"column":4},"end":{"line":89,"column":null}},"type":"if","locations":[{"start":{"line":86,"column":4},"end":{"line":89,"column":null}},{"start":{},"end":{}}],"line":86},"5":{"loc":{"start":{"line":111,"column":6},"end":{"line":114,"column":null}},"type":"if","locations":[{"start":{"line":111,"column":6},"end":{"line":114,"column":null}},{"start":{},"end":{}}],"line":111},"6":{"loc":{"start":{"line":111,"column":10},"end":{"line":111,"column":49}},"type":"binary-expr","locations":[{"start":{"line":111,"column":10},"end":{"line":111,"column":30}},{"start":{"line":111,"column":30},"end":{"line":111,"column":49}}],"line":111},"7":{"loc":{"start":{"line":125,"column":4},"end":{"line":125,"column":null}},"type":"if","locations":[{"start":{"line":125,"column":4},"end":{"line":125,"column":null}},{"start":{},"end":{}}],"line":125},"8":{"loc":{"start":{"line":131,"column":6},"end":{"line":136,"column":null}},"type":"if","locations":[{"start":{"line":131,"column":6},"end":{"line":136,"column":null}},{"start":{},"end":{}}],"line":131},"9":{"loc":{"start":{"line":149,"column":17},"end":{"line":149,"column":null}},"type":"cond-expr","locations":[{"start":{"line":149,"column":29},"end":{"line":149,"column":33}},{"start":{"line":149,"column":33},"end":{"line":149,"column":null}}],"line":149},"10":{"loc":{"start":{"line":178,"column":4},"end":{"line":178,"column":null}},"type":"if","locations":[{"start":{"line":178,"column":4},"end":{"line":178,"column":null}},{"start":{},"end":{}}],"line":178},"11":{"loc":{"start":{"line":179,"column":4},"end":{"line":179,"column":null}},"type":"if","locations":[{"start":{"line":179,"column":4},"end":{"line":179,"column":null}},{"start":{},"end":{}}],"line":179},"12":{"loc":{"start":{"line":179,"column":8},"end":{"line":179,"column":56}},"type":"binary-expr","locations":[{"start":{"line":179,"column":8},"end":{"line":179,"column":36}},{"start":{"line":179,"column":36},"end":{"line":179,"column":56}}],"line":179},"13":{"loc":{"start":{"line":180,"column":4},"end":{"line":180,"column":null}},"type":"if","locations":[{"start":{"line":180,"column":4},"end":{"line":180,"column":null}},{"start":{},"end":{}}],"line":180},"14":{"loc":{"start":{"line":180,"column":8},"end":{"line":180,"column":59}},"type":"binary-expr","locations":[{"start":{"line":180,"column":8},"end":{"line":180,"column":36}},{"start":{"line":180,"column":36},"end":{"line":180,"column":59}}],"line":180},"15":{"loc":{"start":{"line":184,"column":4},"end":{"line":193,"column":null}},"type":"if","locations":[{"start":{"line":184,"column":4},"end":{"line":193,"column":null}},{"start":{"line":190,"column":4},"end":{"line":193,"column":null}}],"line":184},"16":{"loc":{"start":{"line":190,"column":4},"end":{"line":193,"column":null}},"type":"if","locations":[{"start":{"line":190,"column":4},"end":{"line":193,"column":null}},{"start":{},"end":{}}],"line":190},"17":{"loc":{"start":{"line":200,"column":4},"end":{"line":207,"column":null}},"type":"if","locations":[{"start":{"line":200,"column":4},"end":{"line":207,"column":null}},{"start":{},"end":{}}],"line":200},"18":{"loc":{"start":{"line":200,"column":8},"end":{"line":200,"column":64}},"type":"binary-expr","locations":[{"start":{"line":200,"column":8},"end":{"line":200,"column":43}},{"start":{"line":200,"column":43},"end":{"line":200,"column":64}}],"line":200},"19":{"loc":{"start":{"line":202,"column":8},"end":{"line":204,"column":null}},"type":"if","locations":[{"start":{"line":202,"column":8},"end":{"line":204,"column":null}},{"start":{},"end":{}}],"line":202},"20":{"loc":{"start":{"line":202,"column":12},"end":{"line":202,"column":86}},"type":"binary-expr","locations":[{"start":{"line":202,"column":12},"end":{"line":202,"column":54}},{"start":{"line":202,"column":54},"end":{"line":202,"column":86}}],"line":202},"21":{"loc":{"start":{"line":212,"column":4},"end":{"line":212,"column":null}},"type":"if","locations":[{"start":{"line":212,"column":4},"end":{"line":212,"column":null}},{"start":{},"end":{}}],"line":212},"22":{"loc":{"start":{"line":235,"column":4},"end":{"line":238,"column":null}},"type":"if","locations":[{"start":{"line":235,"column":4},"end":{"line":238,"column":null}},{"start":{},"end":{}}],"line":235},"23":{"loc":{"start":{"line":235,"column":8},"end":{"line":235,"column":63}},"type":"binary-expr","locations":[{"start":{"line":235,"column":8},"end":{"line":235,"column":43}},{"start":{"line":235,"column":43},"end":{"line":235,"column":63}}],"line":235},"24":{"loc":{"start":{"line":242,"column":4},"end":{"line":244,"column":null}},"type":"if","locations":[{"start":{"line":242,"column":4},"end":{"line":244,"column":null}},{"start":{},"end":{}}],"line":242},"25":{"loc":{"start":{"line":251,"column":6},"end":{"line":253,"column":null}},"type":"if","locations":[{"start":{"line":251,"column":6},"end":{"line":253,"column":null}},{"start":{},"end":{}}],"line":251},"26":{"loc":{"start":{"line":260,"column":4},"end":{"line":260,"column":null}},"type":"if","locations":[{"start":{"line":260,"column":4},"end":{"line":260,"column":null}},{"start":{},"end":{}}],"line":260},"27":{"loc":{"start":{"line":260,"column":8},"end":{"line":260,"column":67}},"type":"binary-expr","locations":[{"start":{"line":260,"column":8},"end":{"line":260,"column":39}},{"start":{"line":260,"column":39},"end":{"line":260,"column":67}}],"line":260},"28":{"loc":{"start":{"line":266,"column":4},"end":{"line":271,"column":null}},"type":"if","locations":[{"start":{"line":266,"column":4},"end":{"line":271,"column":null}},{"start":{},"end":{}}],"line":266},"29":{"loc":{"start":{"line":273,"column":4},"end":{"line":277,"column":null}},"type":"if","locations":[{"start":{"line":273,"column":4},"end":{"line":277,"column":null}},{"start":{"line":275,"column":11},"end":{"line":277,"column":null}}],"line":273},"30":{"loc":{"start":{"line":288,"column":4},"end":{"line":288,"column":null}},"type":"if","locations":[{"start":{"line":288,"column":4},"end":{"line":288,"column":null}},{"start":{},"end":{}}],"line":288},"31":{"loc":{"start":{"line":288,"column":8},"end":{"line":288,"column":67}},"type":"binary-expr","locations":[{"start":{"line":288,"column":8},"end":{"line":288,"column":39}},{"start":{"line":288,"column":39},"end":{"line":288,"column":67}}],"line":288},"32":{"loc":{"start":{"line":289,"column":4},"end":{"line":289,"column":null}},"type":"if","locations":[{"start":{"line":289,"column":4},"end":{"line":289,"column":null}},{"start":{},"end":{}}],"line":289},"33":{"loc":{"start":{"line":294,"column":4},"end":{"line":299,"column":null}},"type":"if","locations":[{"start":{"line":294,"column":4},"end":{"line":299,"column":null}},{"start":{"line":297,"column":11},"end":{"line":299,"column":null}}],"line":294},"34":{"loc":{"start":{"line":304,"column":4},"end":{"line":304,"column":null}},"type":"if","locations":[{"start":{"line":304,"column":4},"end":{"line":304,"column":null}},{"start":{},"end":{}}],"line":304},"35":{"loc":{"start":{"line":304,"column":8},"end":{"line":304,"column":67}},"type":"binary-expr","locations":[{"start":{"line":304,"column":8},"end":{"line":304,"column":39}},{"start":{"line":304,"column":39},"end":{"line":304,"column":67}}],"line":304},"36":{"loc":{"start":{"line":305,"column":4},"end":{"line":305,"column":null}},"type":"if","locations":[{"start":{"line":305,"column":4},"end":{"line":305,"column":null}},{"start":{},"end":{}}],"line":305},"37":{"loc":{"start":{"line":310,"column":4},"end":{"line":313,"column":null}},"type":"if","locations":[{"start":{"line":310,"column":4},"end":{"line":313,"column":null}},{"start":{},"end":{}}],"line":310},"38":{"loc":{"start":{"line":318,"column":4},"end":{"line":324,"column":null}},"type":"if","locations":[{"start":{"line":318,"column":4},"end":{"line":324,"column":null}},{"start":{"line":320,"column":4},"end":{"line":324,"column":null}}],"line":318},"39":{"loc":{"start":{"line":320,"column":4},"end":{"line":324,"column":null}},"type":"if","locations":[{"start":{"line":320,"column":4},"end":{"line":324,"column":null}},{"start":{"line":322,"column":11},"end":{"line":324,"column":null}}],"line":320},"40":{"loc":{"start":{"line":357,"column":2},"end":{"line":359,"column":null}},"type":"if","locations":[{"start":{"line":357,"column":2},"end":{"line":359,"column":null}},{"start":{},"end":{}}],"line":357},"41":{"loc":{"start":{"line":376,"column":4},"end":{"line":378,"column":null}},"type":"if","locations":[{"start":{"line":376,"column":4},"end":{"line":378,"column":null}},{"start":{},"end":{}}],"line":376},"42":{"loc":{"start":{"line":387,"column":2},"end":{"line":404,"column":null}},"type":"if","locations":[{"start":{"line":387,"column":2},"end":{"line":404,"column":null}},{"start":{},"end":{}}],"line":387},"43":{"loc":{"start":{"line":390,"column":6},"end":{"line":392,"column":null}},"type":"if","locations":[{"start":{"line":390,"column":6},"end":{"line":392,"column":null}},{"start":{},"end":{}}],"line":390},"44":{"loc":{"start":{"line":412,"column":2},"end":{"line":412,"column":null}},"type":"default-arg","locations":[{"start":{"line":412,"column":11},"end":{"line":412,"column":null}}],"line":412},"45":{"loc":{"start":{"line":416,"column":2},"end":{"line":418,"column":null}},"type":"if","locations":[{"start":{"line":416,"column":2},"end":{"line":418,"column":null}},{"start":{},"end":{}}],"line":416},"46":{"loc":{"start":{"line":427,"column":2},"end":{"line":440,"column":null}},"type":"if","locations":[{"start":{"line":427,"column":2},"end":{"line":440,"column":null}},{"start":{"line":438,"column":9},"end":{"line":440,"column":null}}],"line":427},"47":{"loc":{"start":{"line":428,"column":4},"end":{"line":436,"column":null}},"type":"if","locations":[{"start":{"line":428,"column":4},"end":{"line":436,"column":null}},{"start":{},"end":{}}],"line":428},"48":{"loc":{"start":{"line":445,"column":2},"end":{"line":445,"column":null}},"type":"if","locations":[{"start":{"line":445,"column":2},"end":{"line":445,"column":null}},{"start":{},"end":{}}],"line":445}},"s":{"0":1,"1":1,"2":1,"3":1,"4":1,"5":13,"6":31,"7":31,"8":31,"9":1,"10":1,"11":7,"12":7,"13":7,"14":7,"15":3,"16":3,"17":3,"18":3,"19":4,"20":4,"21":1,"22":6,"23":6,"24":6,"25":14,"26":53,"27":53,"28":53,"29":53,"30":53,"31":53,"32":53,"33":53,"34":53,"35":53,"36":53,"37":53,"38":53,"39":53,"40":194,"41":55,"42":55,"43":598,"44":598,"45":598,"46":45,"47":45,"48":45,"49":45,"50":45,"51":45,"52":71,"53":71,"54":71,"55":22,"56":22,"57":45,"58":387,"59":0,"60":387,"61":387,"62":698,"63":698,"64":375,"65":375,"66":375,"67":375,"68":12,"69":12,"70":12,"71":53,"72":53,"73":53,"74":53,"75":53,"76":53,"77":53,"78":53,"79":53,"80":53,"81":53,"82":53,"83":53,"84":53,"85":10,"86":1,"87":387,"88":58,"89":58,"90":58,"91":1,"92":57,"93":1,"94":56,"95":1,"96":55,"97":55,"98":45,"99":45,"100":45,"101":45,"102":45,"103":10,"104":10,"105":55,"106":55,"107":55,"108":55,"109":44,"110":0,"111":0,"112":44,"113":15,"114":15,"115":2,"116":13,"117":13,"118":13,"119":13,"120":5,"121":5,"122":5,"123":5,"124":5,"125":5,"126":5,"127":5,"128":5,"129":53,"130":53,"131":53,"132":44,"133":44,"134":21,"135":18,"136":3,"137":39,"138":39,"139":90,"140":90,"141":39,"142":0,"143":21,"144":21,"145":0,"146":21,"147":21,"148":21,"149":21,"150":3,"151":3,"152":3,"153":3,"154":18,"155":15,"156":3,"157":18,"158":18,"159":18,"160":18,"161":18,"162":16,"163":16,"164":2,"165":14,"166":0,"167":14,"168":14,"169":14,"170":3,"171":3,"172":11,"173":9,"174":9,"175":2,"176":7,"177":0,"178":7,"179":7,"180":7,"181":0,"182":0,"183":7,"184":7,"185":7,"186":3,"187":4,"188":3,"189":1,"190":53,"191":1,"192":1,"193":1,"194":1,"195":18,"196":17,"197":18,"198":33,"199":33,"200":33,"201":7,"202":7,"203":7,"204":0,"205":7,"206":6,"207":6,"208":6,"209":1,"210":6,"211":6,"212":6,"213":6,"214":32,"215":3,"216":32,"217":32,"218":32,"219":32,"220":3,"221":1,"222":1,"223":1,"224":1,"225":1,"226":1,"227":1,"228":3,"229":29,"230":32,"231":32,"232":32,"233":32,"234":3,"235":29,"236":29,"237":29,"238":29,"239":29,"240":29,"241":29,"242":1,"243":1,"244":1,"245":1,"246":1,"247":1,"248":1,"249":1,"250":1,"251":1,"252":1,"253":9,"254":9,"255":9,"256":9,"257":9,"258":9},"f":{"0":13,"1":31,"2":7,"3":6,"4":14,"5":53,"6":194,"7":598,"8":598,"9":45,"10":387,"11":53,"12":10,"13":1,"14":387,"15":58,"16":0,"17":15,"18":5,"19":53,"20":21,"21":39,"22":21,"23":16,"24":9,"25":18,"26":33,"27":7,"28":6,"29":0,"30":32,"31":1,"32":1,"33":9},"b":{"0":[3,4],"1":[3,0],"2":[1,3],"3":[4,4],"4":[55,139],"5":[22,49],"6":[71,26],"7":[0,387],"8":[375,323],"9":[2,51],"10":[1,57],"11":[1,56],"12":[57,46],"13":[1,55],"14":[56,11],"15":[45,10],"16":[10,0],"17":[44,11],"18":[55,55],"19":[0,0],"20":[0,0],"21":[2,13],"22":[44,9],"23":[53,53],"24":[18,3],"25":[39,51],"26":[0,21],"27":[21,3],"28":[3,18],"29":[15,3],"30":[2,14],"31":[16,4],"32":[0,14],"33":[3,11],"34":[2,7],"35":[9,3],"36":[0,7],"37":[0,7],"38":[3,4],"39":[3,1],"40":[17,1],"41":[0,7],"42":[6,1],"43":[1,5],"44":[32],"45":[3,29],"46":[3,29],"47":[1,2],"48":[3,29]},"meta":{"lastBranch":49,"lastFunction":34,"lastStatement":259,"seen":{"s:7:34:7:Infinity":0,"s:9:27:9:Infinity":1,"s:10:26:10:Infinity":2,"s:11:34:11:Infinity":3,"s:12:20:12:Infinity":4,"f:14:16:14:42":0,"s:15:2:15:Infinity":5,"f:18:16:18:32":1,"s:19:2:19:Infinity":6,"s:20:2:24:Infinity":7,"s:21:4:21:Infinity":8,"s:27:23:27:Infinity":9,"s:28:31:28:Infinity":10,"f:30:16:30:35":2,"s:31:2:31:Infinity":11,"s:32:2:43:Infinity":12,"s:33:19:33:Infinity":13,"b:34:4:40:Infinity:undefined:undefined:undefined:undefined":0,"s:34:4:40:Infinity":14,"s:35:21:35:Infinity":15,"b:36:6:39:Infinity:undefined:undefined:undefined:undefined":1,"s:36:6:39:Infinity":16,"s:37:8:37:Infinity":17,"s:38:8:38:Infinity":18,"s:45:2:51:Infinity":19,"b:46:4:48:Infinity:undefined:undefined:undefined:undefined":2,"s:46:4:48:Infinity":20,"b:46:8:46:41:46:41:46:86":3,"s:47:6:47:Infinity":21,"f:54:16:54:27":3,"s:55:15:55:Infinity":22,"s:56:15:56:Infinity":23,"s:57:2:57:Infinity":24,"f:60:16:60:29":4,"s:61:2:61:Infinity":25,"f:64:16:64:30":5,"s:65:8:65:Infinity":26,"s:66:8:66:Infinity":27,"s:67:8:67:Infinity":28,"s:68:8:68:Infinity":29,"s:69:8:69:Infinity":30,"s:70:8:70:Infinity":31,"s:72:58:72:Infinity":32,"s:73:22:73:Infinity":33,"s:74:22:74:Infinity":34,"s:75:19:75:Infinity":35,"s:80:95:80:Infinity":36,"s:81:19:81:Infinity":37,"s:82:23:82:Infinity":38,"s:83:48:83:Infinity":39,"f:85:11:85:23":6,"b:86:4:89:Infinity:undefined:undefined:undefined:undefined":4,"s:86:4:89:Infinity":40,"s:87:6:87:Infinity":41,"s:88:6:88:Infinity":42,"f:92:11:92:23":7,"s:96:4:96:Infinity":43,"f:96:20:96:21":8,"s:96:28:96:38":44,"s:97:4:97:Infinity":45,"f:100:11:100:45":9,"s:101:39:101:Infinity":46,"s:102:17:102:Infinity":47,"s:104:4:104:Infinity":48,"s:105:4:105:Infinity":49,"s:107:4:115:Infinity":50,"s:107:19:107:22":51,"s:108:6:108:Infinity":52,"s:109:6:109:Infinity":53,"b:111:6:114:Infinity:undefined:undefined:undefined:undefined":5,"s:111:6:114:Infinity":54,"b:111:10:111:30:111:30:111:49":6,"s:112:8:112:Infinity":55,"s:113:8:113:Infinity":56,"s:117:4:117:Infinity":57,"f:121:11:121:23":10,"b:125:4:125:Infinity:undefined:undefined:undefined:undefined":7,"s:125:4:125:Infinity":58,"s:125:40:125:Infinity":59,"s:127:20:127:Infinity":60,"s:129:4:137:Infinity":61,"s:130:21:130:Infinity":62,"b:131:6:136:Infinity:undefined:undefined:undefined:undefined":8,"s:131:6:136:Infinity":63,"s:132:8:132:Infinity":64,"s:133:8:133:Infinity":65,"s:134:8:134:Infinity":66,"s:135:8:135:Infinity":67,"s:140:4:140:Infinity":68,"s:141:4:141:Infinity":69,"s:142:4:142:Infinity":70,"f:145:11:145:21":11,"s:146:4:146:Infinity":71,"s:147:4:147:Infinity":72,"s:148:4:148:Infinity":73,"s:149:4:149:Infinity":74,"b:149:29:149:33:149:33:149:Infinity":9,"s:150:4:150:Infinity":75,"s:151:4:151:Infinity":76,"s:152:4:152:Infinity":77,"s:153:4:153:Infinity":78,"s:154:4:154:Infinity":79,"s:155:4:155:Infinity":80,"s:156:4:156:Infinity":81,"s:157:4:157:Infinity":82,"s:158:4:158:Infinity":83,"s:159:4:159:Infinity":84,"f:162:11:162:23":12,"s:163:4:163:Infinity":85,"f:166:11:166:30":13,"s:167:4:167:Infinity":86,"f:170:11:170:18":14,"s:171:4:171:Infinity":87,"f:174:11:174:19":15,"s:175:29:175:Infinity":88,"s:176:26:176:Infinity":89,"b:178:4:178:Infinity:undefined:undefined:undefined:undefined":10,"s:178:4:178:Infinity":90,"s:178:37:178:Infinity":91,"b:179:4:179:Infinity:undefined:undefined:undefined:undefined":11,"s:179:4:179:Infinity":92,"b:179:8:179:36:179:36:179:56":12,"s:179:56:179:Infinity":93,"b:180:4:180:Infinity:undefined:undefined:undefined:undefined":13,"s:180:4:180:Infinity":94,"b:180:8:180:36:180:36:180:59":14,"s:180:59:180:Infinity":95,"s:182:4:182:Infinity":96,"b:184:4:193:Infinity:190:4:193:Infinity":15,"s:184:4:193:Infinity":97,"s:185:6:185:Infinity":98,"s:186:6:186:Infinity":99,"s:187:6:187:Infinity":100,"s:188:6:188:Infinity":101,"s:189:6:189:Infinity":102,"b:190:4:193:Infinity:undefined:undefined:undefined:undefined":16,"s:190:4:193:Infinity":103,"s:192:6:192:Infinity":104,"s:195:4:195:Infinity":105,"s:196:4:196:Infinity":106,"s:197:4:197:Infinity":107,"b:200:4:207:Infinity:undefined:undefined:undefined:undefined":17,"s:200:4:207:Infinity":108,"b:200:8:200:43:200:43:200:64":18,"s:201:6:205:Infinity":109,"f:201:27:201:33":16,"b:202:8:204:Infinity:undefined:undefined:undefined:undefined":19,"s:202:8:204:Infinity":110,"b:202:12:202:54:202:54:202:86":20,"s:203:10:203:Infinity":111,"s:206:6:206:Infinity":112,"f:210:11:210:19":17,"s:211:26:211:Infinity":113,"b:212:4:212:Infinity:undefined:undefined:undefined:undefined":21,"s:212:4:212:Infinity":114,"s:212:37:212:Infinity":115,"s:214:4:214:Infinity":116,"s:215:4:215:Infinity":117,"s:216:4:216:Infinity":118,"s:217:4:217:Infinity":119,"f:220:11:220:19":18,"s:221:4:221:Infinity":120,"s:222:4:222:Infinity":121,"s:223:4:223:Infinity":122,"s:224:4:224:Infinity":123,"s:225:4:225:Infinity":124,"s:226:4:226:Infinity":125,"s:227:4:227:Infinity":126,"s:228:4:228:Infinity":127,"s:229:4:229:Infinity":128,"f:232:11:232:21":19,"s:233:4:233:Infinity":129,"s:234:4:234:Infinity":130,"b:235:4:238:Infinity:undefined:undefined:undefined:undefined":22,"s:235:4:238:Infinity":131,"b:235:8:235:43:235:43:235:63":23,"s:236:6:236:Infinity":132,"s:237:6:237:Infinity":133,"f:241:11:241:34":20,"b:242:4:244:Infinity:undefined:undefined:undefined:undefined":24,"s:242:4:244:Infinity":134,"s:243:6:243:Infinity":135,"s:245:4:245:Infinity":136,"f:248:11:248:26":21,"s:249:4:254:Infinity":137,"s:249:17:249:20":138,"s:250:18:250:Infinity":139,"b:251:6:253:Infinity:undefined:undefined:undefined:undefined":25,"s:251:6:253:Infinity":140,"s:252:8:252:Infinity":141,"s:255:4:255:Infinity":142,"f:258:11:258:18":22,"s:259:26:259:Infinity":143,"b:260:4:260:Infinity:undefined:undefined:undefined:undefined":26,"s:260:4:260:Infinity":144,"b:260:8:260:39:260:39:260:67":27,"s:260:67:260:Infinity":145,"s:262:23:262:Infinity":146,"s:263:20:263:Infinity":147,"s:264:21:264:Infinity":148,"b:266:4:271:Infinity:undefined:undefined:undefined:undefined":28,"s:266:4:271:Infinity":149,"s:267:6:267:Infinity":150,"s:268:6:268:Infinity":151,"s:269:6:269:Infinity":152,"s:270:6:270:Infinity":153,"b:273:4:277:Infinity:275:11:277:Infinity":29,"s:273:4:277:Infinity":154,"s:274:6:274:Infinity":155,"s:276:6:276:Infinity":156,"s:279:16:279:Infinity":157,"s:280:16:280:Infinity":158,"s:281:4:281:Infinity":159,"s:282:4:282:Infinity":160,"s:283:4:283:Infinity":161,"f:286:11:286:31":23,"s:287:26:287:Infinity":162,"b:288:4:288:Infinity:undefined:undefined:undefined:undefined":30,"s:288:4:288:Infinity":163,"b:288:8:288:39:288:39:288:67":31,"s:288:67:288:Infinity":164,"b:289:4:289:Infinity:undefined:undefined:undefined:undefined":32,"s:289:4:289:Infinity":165,"s:289:32:289:Infinity":166,"s:291:23:291:Infinity":167,"s:292:16:292:Infinity":168,"b:294:4:299:Infinity:297:11:299:Infinity":33,"s:294:4:299:Infinity":169,"s:295:22:295:Infinity":170,"s:296:6:296:Infinity":171,"s:298:6:298:Infinity":172,"f:302:11:302:32":24,"s:303:26:303:Infinity":173,"b:304:4:304:Infinity:undefined:undefined:undefined:undefined":34,"s:304:4:304:Infinity":174,"b:304:8:304:39:304:39:304:67":35,"s:304:67:304:Infinity":175,"b:305:4:305:Infinity:undefined:undefined:undefined:undefined":36,"s:305:4:305:Infinity":176,"s:305:32:305:Infinity":177,"s:307:23:307:Infinity":178,"s:308:16:308:Infinity":179,"b:310:4:313:Infinity:undefined:undefined:undefined:undefined":37,"s:310:4:313:Infinity":180,"s:311:6:311:Infinity":181,"s:312:6:312:Infinity":182,"s:315:16:315:Infinity":183,"s:316:22:316:Infinity":184,"b:318:4:324:Infinity:320:4:324:Infinity":38,"s:318:4:324:Infinity":185,"s:319:6:319:Infinity":186,"b:320:4:324:Infinity:322:11:324:Infinity":39,"s:320:4:324:Infinity":187,"s:321:6:321:Infinity":188,"s:323:6:323:Infinity":189,"s:327:2:343:Infinity":190,"s:346:37:346:Infinity":191,"s:347:28:347:Infinity":192,"s:348:55:348:Infinity":193,"s:352:19:352:Infinity":194,"f:356:9:356:41":25,"b:357:2:359:Infinity:undefined:undefined:undefined:undefined":40,"s:357:2:359:Infinity":195,"s:358:4:358:Infinity":196,"s:360:2:360:Infinity":197,"f:364:16:364:42":26,"s:365:2:365:Infinity":198,"s:366:2:366:Infinity":199,"s:367:2:367:Infinity":200,"f:373:16:373:43":27,"s:374:2:381:Infinity":201,"s:375:16:375:Infinity":202,"b:376:4:378:Infinity:undefined:undefined:undefined:undefined":41,"s:376:4:378:Infinity":203,"s:377:6:377:Infinity":204,"b:387:2:404:Infinity:undefined:undefined:undefined:undefined":42,"s:387:2:404:Infinity":205,"s:388:4:395:Infinity":206,"s:389:18:389:Infinity":207,"b:390:6:392:Infinity:undefined:undefined:undefined:undefined":43,"s:390:6:392:Infinity":208,"s:391:8:391:Infinity":209,"s:396:4:403:Infinity":210,"s:397:20:397:Infinity":211,"s:398:6:400:Infinity":212,"f:398:24:398:30":28,"s:399:8:399:Infinity":213,"f:400:15:400:21":29,"f:407:9:407:Infinity":30,"b:412:11:412:Infinity":44,"b:416:2:418:Infinity:undefined:undefined:undefined:undefined":45,"s:416:2:418:Infinity":214,"s:417:4:417:Infinity":215,"s:419:14:419:Infinity":216,"s:420:15:420:Infinity":217,"s:421:2:421:Infinity":218,"b:427:2:440:Infinity:438:9:440:Infinity":46,"s:427:2:440:Infinity":219,"b:428:4:436:Infinity:undefined:undefined:undefined:undefined":47,"s:428:4:436:Infinity":220,"s:429:6:429:Infinity":221,"s:430:6:430:Infinity":222,"s:431:6:431:Infinity":223,"s:432:6:432:Infinity":224,"s:433:6:433:Infinity":225,"s:434:6:434:Infinity":226,"s:435:6:435:Infinity":227,"s:437:4:437:Infinity":228,"s:439:4:439:Infinity":229,"s:442:2:442:Infinity":230,"s:443:2:443:Infinity":231,"s:444:26:444:Infinity":232,"b:445:2:445:Infinity:undefined:undefined:undefined:undefined":48,"s:445:2:445:Infinity":233,"s:445:28:445:Infinity":234,"s:449:20:449:Infinity":235,"s:452:2:452:Infinity":236,"s:455:2:455:Infinity":237,"s:456:2:456:Infinity":238,"s:457:2:457:Infinity":239,"s:458:2:458:Infinity":240,"s:459:2:459:Infinity":241,"f:463:16:463:34":31,"s:464:2:472:Infinity":242,"s:465:16:465:Infinity":243,"s:466:14:466:Infinity":244,"s:467:4:467:Infinity":245,"s:468:4:468:Infinity":246,"s:469:4:469:Infinity":247,"f:476:16:476:37":32,"s:477:2:484:Infinity":248,"s:478:16:478:Infinity":249,"s:479:14:479:Infinity":250,"s:480:4:480:Infinity":251,"s:481:4:481:Infinity":252,"f:488:16:488:37":33,"s:489:2:498:Infinity":253,"s:490:16:490:Infinity":254,"s:491:14:491:Infinity":255,"s:493:4:493:Infinity":256,"s:494:4:494:Infinity":257,"s:495:4:495:Infinity":258}}}
}
