{"/Users/john/projects/gym-timer/src/lib/logger.ts": {"path":"/Users/john/projects/gym-timer/src/lib/logger.ts","statementMap":{"0":{"start":{"line":2,"column":2},"end":{"line":6,"column":null}},"1":{"start":{"line":3,"column":4},"end":{"line":3,"column":null}},"2":{"start":{"line":5,"column":4},"end":{"line":5,"column":null}}},"fnMap":{"0":{"name":"log","decl":{"start":{"line":1,"column":16},"end":{"line":1,"column":20}},"loc":{"start":{"line":1,"column":73},"end":{"line":7,"column":null}},"line":1}},"branchMap":{"0":{"loc":{"start":{"line":2,"column":2},"end":{"line":6,"column":null}},"type":"if","locations":[{"start":{"line":2,"column":2},"end":{"line":6,"column":null}},{"start":{"line":4,"column":9},"end":{"line":6,"column":null}}],"line":2}},"s":{"0":120,"1":81,"2":39},"f":{"0":120},"b":{"0":[81,39]},"meta":{"lastBranch":1,"lastFunction":1,"lastStatement":3,"seen":{"f:1:16:1:20":0,"b:2:2:6:Infinity:4:9:6:Infinity":0,"s:2:2:6:Infinity":0,"s:3:4:3:Infinity":1,"s:5:4:5:Infinity":2}}}
,"/Users/john/projects/gym-timer/src/lib/timer.ts": {"path":"/Users/john/projects/gym-timer/src/lib/timer.ts","statementMap":{"0":{"start":{"line":7,"column":34},"end":{"line":7,"column":null}},"1":{"start":{"line":9,"column":27},"end":{"line":9,"column":null}},"2":{"start":{"line":10,"column":26},"end":{"line":10,"column":null}},"3":{"start":{"line":11,"column":34},"end":{"line":11,"column":null}},"4":{"start":{"line":12,"column":20},"end":{"line":12,"column":null}},"5":{"start":{"line":15,"column":2},"end":{"line":15,"column":null}},"6":{"start":{"line":19,"column":2},"end":{"line":19,"column":null}},"7":{"start":{"line":20,"column":2},"end":{"line":24,"column":null}},"8":{"start":{"line":21,"column":4},"end":{"line":21,"column":null}},"9":{"start":{"line":27,"column":23},"end":{"line":27,"column":null}},"10":{"start":{"line":28,"column":31},"end":{"line":28,"column":null}},"11":{"start":{"line":31,"column":2},"end":{"line":31,"column":null}},"12":{"start":{"line":32,"column":2},"end":{"line":43,"column":null}},"13":{"start":{"line":33,"column":19},"end":{"line":33,"column":null}},"14":{"start":{"line":34,"column":4},"end":{"line":40,"column":null}},"15":{"start":{"line":35,"column":21},"end":{"line":35,"column":null}},"16":{"start":{"line":36,"column":6},"end":{"line":39,"column":null}},"17":{"start":{"line":37,"column":8},"end":{"line":37,"column":null}},"18":{"start":{"line":38,"column":8},"end":{"line":38,"column":null}},"19":{"start":{"line":45,"column":2},"end":{"line":51,"column":null}},"20":{"start":{"line":46,"column":4},"end":{"line":48,"column":null}},"21":{"start":{"line":47,"column":6},"end":{"line":47,"column":null}},"22":{"start":{"line":55,"column":15},"end":{"line":55,"column":null}},"23":{"start":{"line":56,"column":15},"end":{"line":56,"column":null}},"24":{"start":{"line":57,"column":2},"end":{"line":57,"column":null}},"25":{"start":{"line":61,"column":2},"end":{"line":61,"column":null}},"26":{"start":{"line":65,"column":8},"end":{"line":65,"column":null}},"27":{"start":{"line":66,"column":8},"end":{"line":66,"column":null}},"28":{"start":{"line":67,"column":8},"end":{"line":67,"column":null}},"29":{"start":{"line":68,"column":8},"end":{"line":68,"column":null}},"30":{"start":{"line":69,"column":8},"end":{"line":69,"column":null}},"31":{"start":{"line":70,"column":8},"end":{"line":70,"column":null}},"32":{"start":{"line":72,"column":58},"end":{"line":72,"column":null}},"33":{"start":{"line":73,"column":22},"end":{"line":73,"column":null}},"34":{"start":{"line":74,"column":22},"end":{"line":74,"column":null}},"35":{"start":{"line":75,"column":19},"end":{"line":75,"column":null}},"36":{"start":{"line":80,"column":95},"end":{"line":80,"column":null}},"37":{"start":{"line":81,"column":19},"end":{"line":81,"column":null}},"38":{"start":{"line":82,"column":23},"end":{"line":82,"column":null}},"39":{"start":{"line":83,"column":48},"end":{"line":83,"column":null}},"40":{"start":{"line":86,"column":4},"end":{"line":89,"column":null}},"41":{"start":{"line":87,"column":6},"end":{"line":87,"column":null}},"42":{"start":{"line":88,"column":6},"end":{"line":88,"column":null}},"43":{"start":{"line":96,"column":4},"end":{"line":96,"column":null}},"44":{"start":{"line":96,"column":28},"end":{"line":96,"column":38}},"45":{"start":{"line":97,"column":4},"end":{"line":97,"column":null}},"46":{"start":{"line":101,"column":39},"end":{"line":101,"column":null}},"47":{"start":{"line":102,"column":17},"end":{"line":102,"column":null}},"48":{"start":{"line":104,"column":4},"end":{"line":104,"column":null}},"49":{"start":{"line":105,"column":4},"end":{"line":105,"column":null}},"50":{"start":{"line":107,"column":4},"end":{"line":115,"column":null}},"51":{"start":{"line":107,"column":19},"end":{"line":107,"column":22}},"52":{"start":{"line":108,"column":6},"end":{"line":108,"column":null}},"53":{"start":{"line":109,"column":6},"end":{"line":109,"column":null}},"54":{"start":{"line":111,"column":6},"end":{"line":114,"column":null}},"55":{"start":{"line":112,"column":8},"end":{"line":112,"column":null}},"56":{"start":{"line":113,"column":8},"end":{"line":113,"column":null}},"57":{"start":{"line":117,"column":4},"end":{"line":117,"column":null}},"58":{"start":{"line":125,"column":4},"end":{"line":125,"column":null}},"59":{"start":{"line":125,"column":40},"end":{"line":125,"column":null}},"60":{"start":{"line":127,"column":20},"end":{"line":127,"column":null}},"61":{"start":{"line":129,"column":4},"end":{"line":137,"column":null}},"62":{"start":{"line":130,"column":21},"end":{"line":130,"column":null}},"63":{"start":{"line":131,"column":6},"end":{"line":136,"column":null}},"64":{"start":{"line":132,"column":8},"end":{"line":132,"column":null}},"65":{"start":{"line":133,"column":8},"end":{"line":133,"column":null}},"66":{"start":{"line":134,"column":8},"end":{"line":134,"column":null}},"67":{"start":{"line":135,"column":8},"end":{"line":135,"column":null}},"68":{"start":{"line":140,"column":4},"end":{"line":140,"column":null}},"69":{"start":{"line":141,"column":4},"end":{"line":141,"column":null}},"70":{"start":{"line":142,"column":4},"end":{"line":142,"column":null}},"71":{"start":{"line":146,"column":4},"end":{"line":146,"column":null}},"72":{"start":{"line":147,"column":4},"end":{"line":147,"column":null}},"73":{"start":{"line":148,"column":4},"end":{"line":148,"column":null}},"74":{"start":{"line":149,"column":4},"end":{"line":149,"column":null}},"75":{"start":{"line":150,"column":4},"end":{"line":150,"column":null}},"76":{"start":{"line":151,"column":4},"end":{"line":151,"column":null}},"77":{"start":{"line":152,"column":4},"end":{"line":152,"column":null}},"78":{"start":{"line":153,"column":4},"end":{"line":153,"column":null}},"79":{"start":{"line":154,"column":4},"end":{"line":154,"column":null}},"80":{"start":{"line":155,"column":4},"end":{"line":155,"column":null}},"81":{"start":{"line":156,"column":4},"end":{"line":156,"column":null}},"82":{"start":{"line":157,"column":4},"end":{"line":157,"column":null}},"83":{"start":{"line":158,"column":4},"end":{"line":158,"column":null}},"84":{"start":{"line":159,"column":4},"end":{"line":159,"column":null}},"85":{"start":{"line":163,"column":4},"end":{"line":163,"column":null}},"86":{"start":{"line":167,"column":4},"end":{"line":167,"column":null}},"87":{"start":{"line":171,"column":4},"end":{"line":171,"column":null}},"88":{"start":{"line":175,"column":29},"end":{"line":175,"column":null}},"89":{"start":{"line":176,"column":26},"end":{"line":176,"column":null}},"90":{"start":{"line":178,"column":4},"end":{"line":178,"column":null}},"91":{"start":{"line":178,"column":37},"end":{"line":178,"column":null}},"92":{"start":{"line":179,"column":4},"end":{"line":179,"column":null}},"93":{"start":{"line":179,"column":56},"end":{"line":179,"column":null}},"94":{"start":{"line":180,"column":4},"end":{"line":180,"column":null}},"95":{"start":{"line":180,"column":59},"end":{"line":180,"column":null}},"96":{"start":{"line":182,"column":4},"end":{"line":182,"column":null}},"97":{"start":{"line":184,"column":4},"end":{"line":193,"column":null}},"98":{"start":{"line":185,"column":6},"end":{"line":185,"column":null}},"99":{"start":{"line":186,"column":6},"end":{"line":186,"column":null}},"100":{"start":{"line":187,"column":6},"end":{"line":187,"column":null}},"101":{"start":{"line":188,"column":6},"end":{"line":188,"column":null}},"102":{"start":{"line":189,"column":6},"end":{"line":189,"column":null}},"103":{"start":{"line":190,"column":4},"end":{"line":193,"column":null}},"104":{"start":{"line":192,"column":6},"end":{"line":192,"column":null}},"105":{"start":{"line":195,"column":4},"end":{"line":195,"column":null}},"106":{"start":{"line":196,"column":4},"end":{"line":196,"column":null}},"107":{"start":{"line":197,"column":4},"end":{"line":197,"column":null}},"108":{"start":{"line":200,"column":4},"end":{"line":207,"column":null}},"109":{"start":{"line":201,"column":6},"end":{"line":205,"column":null}},"110":{"start":{"line":202,"column":8},"end":{"line":204,"column":null}},"111":{"start":{"line":203,"column":10},"end":{"line":203,"column":null}},"112":{"start":{"line":206,"column":6},"end":{"line":206,"column":null}},"113":{"start":{"line":211,"column":26},"end":{"line":211,"column":null}},"114":{"start":{"line":212,"column":4},"end":{"line":212,"column":null}},"115":{"start":{"line":212,"column":37},"end":{"line":212,"column":null}},"116":{"start":{"line":214,"column":4},"end":{"line":214,"column":null}},"117":{"start":{"line":215,"column":4},"end":{"line":215,"column":null}},"118":{"start":{"line":216,"column":4},"end":{"line":216,"column":null}},"119":{"start":{"line":217,"column":4},"end":{"line":217,"column":null}},"120":{"start":{"line":221,"column":4},"end":{"line":221,"column":null}},"121":{"start":{"line":222,"column":4},"end":{"line":222,"column":null}},"122":{"start":{"line":223,"column":4},"end":{"line":223,"column":null}},"123":{"start":{"line":224,"column":4},"end":{"line":224,"column":null}},"124":{"start":{"line":225,"column":4},"end":{"line":225,"column":null}},"125":{"start":{"line":226,"column":4},"end":{"line":226,"column":null}},"126":{"start":{"line":227,"column":4},"end":{"line":227,"column":null}},"127":{"start":{"line":228,"column":4},"end":{"line":228,"column":null}},"128":{"start":{"line":229,"column":4},"end":{"line":229,"column":null}},"129":{"start":{"line":233,"column":4},"end":{"line":233,"column":null}},"130":{"start":{"line":234,"column":4},"end":{"line":234,"column":null}},"131":{"start":{"line":235,"column":4},"end":{"line":238,"column":null}},"132":{"start":{"line":236,"column":6},"end":{"line":236,"column":null}},"133":{"start":{"line":237,"column":6},"end":{"line":237,"column":null}},"134":{"start":{"line":241,"column":2},"end":{"line":255,"column":null}},"135":{"start":{"line":258,"column":37},"end":{"line":258,"column":null}},"136":{"start":{"line":259,"column":28},"end":{"line":259,"column":null}},"137":{"start":{"line":260,"column":55},"end":{"line":260,"column":null}},"138":{"start":{"line":264,"column":19},"end":{"line":264,"column":null}},"139":{"start":{"line":269,"column":2},"end":{"line":271,"column":null}},"140":{"start":{"line":270,"column":4},"end":{"line":270,"column":null}},"141":{"start":{"line":272,"column":2},"end":{"line":272,"column":null}},"142":{"start":{"line":277,"column":2},"end":{"line":277,"column":null}},"143":{"start":{"line":278,"column":2},"end":{"line":278,"column":null}},"144":{"start":{"line":279,"column":2},"end":{"line":279,"column":null}},"145":{"start":{"line":286,"column":2},"end":{"line":293,"column":null}},"146":{"start":{"line":287,"column":16},"end":{"line":287,"column":null}},"147":{"start":{"line":288,"column":4},"end":{"line":290,"column":null}},"148":{"start":{"line":289,"column":6},"end":{"line":289,"column":null}},"149":{"start":{"line":299,"column":2},"end":{"line":316,"column":null}},"150":{"start":{"line":300,"column":4},"end":{"line":307,"column":null}},"151":{"start":{"line":301,"column":18},"end":{"line":301,"column":null}},"152":{"start":{"line":302,"column":6},"end":{"line":304,"column":null}},"153":{"start":{"line":303,"column":8},"end":{"line":303,"column":null}},"154":{"start":{"line":308,"column":4},"end":{"line":315,"column":null}},"155":{"start":{"line":309,"column":20},"end":{"line":309,"column":null}},"156":{"start":{"line":310,"column":6},"end":{"line":312,"column":null}},"157":{"start":{"line":311,"column":8},"end":{"line":311,"column":null}},"158":{"start":{"line":328,"column":2},"end":{"line":330,"column":null}},"159":{"start":{"line":329,"column":4},"end":{"line":329,"column":null}},"160":{"start":{"line":331,"column":14},"end":{"line":331,"column":null}},"161":{"start":{"line":332,"column":15},"end":{"line":332,"column":null}},"162":{"start":{"line":333,"column":2},"end":{"line":333,"column":null}},"163":{"start":{"line":339,"column":2},"end":{"line":352,"column":null}},"164":{"start":{"line":340,"column":4},"end":{"line":348,"column":null}},"165":{"start":{"line":341,"column":6},"end":{"line":341,"column":null}},"166":{"start":{"line":342,"column":6},"end":{"line":342,"column":null}},"167":{"start":{"line":343,"column":6},"end":{"line":343,"column":null}},"168":{"start":{"line":344,"column":6},"end":{"line":344,"column":null}},"169":{"start":{"line":345,"column":6},"end":{"line":345,"column":null}},"170":{"start":{"line":346,"column":6},"end":{"line":346,"column":null}},"171":{"start":{"line":347,"column":6},"end":{"line":347,"column":null}},"172":{"start":{"line":349,"column":4},"end":{"line":349,"column":null}},"173":{"start":{"line":351,"column":4},"end":{"line":351,"column":null}},"174":{"start":{"line":354,"column":2},"end":{"line":354,"column":null}},"175":{"start":{"line":355,"column":2},"end":{"line":355,"column":null}},"176":{"start":{"line":356,"column":26},"end":{"line":356,"column":null}},"177":{"start":{"line":357,"column":2},"end":{"line":357,"column":null}},"178":{"start":{"line":357,"column":28},"end":{"line":357,"column":null}},"179":{"start":{"line":361,"column":20},"end":{"line":361,"column":null}},"180":{"start":{"line":364,"column":2},"end":{"line":364,"column":null}},"181":{"start":{"line":367,"column":2},"end":{"line":367,"column":null}},"182":{"start":{"line":368,"column":2},"end":{"line":368,"column":null}},"183":{"start":{"line":369,"column":2},"end":{"line":369,"column":null}},"184":{"start":{"line":370,"column":2},"end":{"line":370,"column":null}},"185":{"start":{"line":371,"column":2},"end":{"line":371,"column":null}},"186":{"start":{"line":376,"column":2},"end":{"line":384,"column":null}},"187":{"start":{"line":377,"column":16},"end":{"line":377,"column":null}},"188":{"start":{"line":378,"column":14},"end":{"line":378,"column":null}},"189":{"start":{"line":379,"column":4},"end":{"line":379,"column":null}},"190":{"start":{"line":380,"column":4},"end":{"line":380,"column":null}},"191":{"start":{"line":381,"column":4},"end":{"line":381,"column":null}},"192":{"start":{"line":389,"column":2},"end":{"line":396,"column":null}},"193":{"start":{"line":390,"column":16},"end":{"line":390,"column":null}},"194":{"start":{"line":391,"column":14},"end":{"line":391,"column":null}},"195":{"start":{"line":392,"column":4},"end":{"line":392,"column":null}},"196":{"start":{"line":393,"column":4},"end":{"line":393,"column":null}},"197":{"start":{"line":401,"column":2},"end":{"line":410,"column":null}},"198":{"start":{"line":402,"column":16},"end":{"line":402,"column":null}},"199":{"start":{"line":403,"column":14},"end":{"line":403,"column":null}},"200":{"start":{"line":405,"column":4},"end":{"line":405,"column":null}},"201":{"start":{"line":406,"column":4},"end":{"line":406,"column":null}},"202":{"start":{"line":407,"column":4},"end":{"line":407,"column":null}}},"fnMap":{"0":{"name":"getMasterVolume","decl":{"start":{"line":14,"column":16},"end":{"line":14,"column":42}},"loc":{"start":{"line":14,"column":42},"end":{"line":16,"column":null}},"line":14},"1":{"name":"setMasterVolume","decl":{"start":{"line":18,"column":16},"end":{"line":18,"column":32}},"loc":{"start":{"line":18,"column":49},"end":{"line":25,"column":null}},"line":18},"2":{"name":"initVolume","decl":{"start":{"line":30,"column":16},"end":{"line":30,"column":35}},"loc":{"start":{"line":30,"column":35},"end":{"line":52,"column":null}},"line":30},"3":{"name":"formatTime","decl":{"start":{"line":54,"column":16},"end":{"line":54,"column":27}},"loc":{"start":{"line":54,"column":57},"end":{"line":58,"column":null}},"line":54},"4":{"name":"totalSeconds","decl":{"start":{"line":60,"column":16},"end":{"line":60,"column":29}},"loc":{"start":{"line":60,"column":71},"end":{"line":62,"column":null}},"line":60},"5":{"name":"createTimer","decl":{"start":{"line":64,"column":16},"end":{"line":64,"column":30}},"loc":{"start":{"line":64,"column":30},"end":{"line":256,"column":null}},"line":64},"6":{"name":"clearTick","decl":{"start":{"line":85,"column":11},"end":{"line":85,"column":23}},"loc":{"start":{"line":85,"column":23},"end":{"line":90,"column":null}},"line":85},"7":{"name":"getStore","decl":{"start":{"line":92,"column":11},"end":{"line":92,"column":23}},"loc":{"start":{"line":94,"column":8},"end":{"line":98,"column":null}},"line":94},"8":{"name":"(anonymous_8)","decl":{"start":{"line":96,"column":20},"end":{"line":96,"column":21}},"loc":{"start":{"line":96,"column":28},"end":{"line":96,"column":38}},"line":96},"9":{"name":"buildTimeline","decl":{"start":{"line":100,"column":11},"end":{"line":100,"column":45}},"loc":{"start":{"line":100,"column":45},"end":{"line":118,"column":null}},"line":100},"10":{"name":"syncState","decl":{"start":{"line":121,"column":11},"end":{"line":121,"column":23}},"loc":{"start":{"line":121,"column":23},"end":{"line":143,"column":null}},"line":121},"11":{"name":"configure","decl":{"start":{"line":145,"column":11},"end":{"line":145,"column":21}},"loc":{"start":{"line":145,"column":63},"end":{"line":160,"column":null}},"line":145},"12":{"name":"setDuration","decl":{"start":{"line":162,"column":11},"end":{"line":162,"column":23}},"loc":{"start":{"line":162,"column":57},"end":{"line":164,"column":null}},"line":162},"13":{"name":"setDurationSeconds","decl":{"start":{"line":166,"column":11},"end":{"line":166,"column":30}},"loc":{"start":{"line":166,"column":44},"end":{"line":168,"column":null}},"line":166},"14":{"name":"tick","decl":{"start":{"line":170,"column":11},"end":{"line":170,"column":18}},"loc":{"start":{"line":170,"column":18},"end":{"line":172,"column":null}},"line":170},"15":{"name":"start","decl":{"start":{"line":174,"column":11},"end":{"line":174,"column":19}},"loc":{"start":{"line":174,"column":19},"end":{"line":208,"column":null}},"line":174},"16":{"name":"(anonymous_16)","decl":{"start":{"line":201,"column":27},"end":{"line":201,"column":33}},"loc":{"start":{"line":201,"column":33},"end":{"line":205,"column":null}},"line":201},"17":{"name":"pause","decl":{"start":{"line":210,"column":11},"end":{"line":210,"column":19}},"loc":{"start":{"line":210,"column":19},"end":{"line":218,"column":null}},"line":210},"18":{"name":"reset","decl":{"start":{"line":220,"column":11},"end":{"line":220,"column":19}},"loc":{"start":{"line":220,"column":19},"end":{"line":230,"column":null}},"line":220},"19":{"name":"destroy","decl":{"start":{"line":232,"column":11},"end":{"line":232,"column":21}},"loc":{"start":{"line":232,"column":21},"end":{"line":239,"column":null}},"line":232},"20":{"name":"getAudioContext","decl":{"start":{"line":268,"column":9},"end":{"line":268,"column":41}},"loc":{"start":{"line":268,"column":41},"end":{"line":273,"column":null}},"line":268},"21":{"name":"resetAudioContext","decl":{"start":{"line":276,"column":16},"end":{"line":276,"column":42}},"loc":{"start":{"line":276,"column":42},"end":{"line":280,"column":null}},"line":276},"22":{"name":"resumeAudioContext","decl":{"start":{"line":285,"column":16},"end":{"line":285,"column":43}},"loc":{"start":{"line":285,"column":43},"end":{"line":317,"column":null}},"line":285},"23":{"name":"(anonymous_23)","decl":{"start":{"line":310,"column":24},"end":{"line":310,"column":30}},"loc":{"start":{"line":310,"column":30},"end":{"line":312,"column":7}},"line":310},"24":{"name":"(anonymous_24)","decl":{"start":{"line":312,"column":15},"end":{"line":312,"column":21}},"loc":{"start":{"line":312,"column":21},"end":{"line":312,"column":23}},"line":312},"25":{"name":"playTone","decl":{"start":{"line":319,"column":9},"end":{"line":319,"column":null}},"loc":{"start":{"line":325,"column":8},"end":{"line":372,"column":null}},"line":325},"26":{"name":"playFinishSound","decl":{"start":{"line":375,"column":16},"end":{"line":375,"column":34}},"loc":{"start":{"line":375,"column":34},"end":{"line":385,"column":null}},"line":375},"27":{"name":"playRestStartSound","decl":{"start":{"line":388,"column":16},"end":{"line":388,"column":37}},"loc":{"start":{"line":388,"column":37},"end":{"line":397,"column":null}},"line":388},"28":{"name":"playWorkStartSound","decl":{"start":{"line":400,"column":16},"end":{"line":400,"column":37}},"loc":{"start":{"line":400,"column":37},"end":{"line":411,"column":null}},"line":400}},"branchMap":{"0":{"loc":{"start":{"line":34,"column":4},"end":{"line":40,"column":null}},"type":"if","locations":[{"start":{"line":34,"column":4},"end":{"line":40,"column":null}},{"start":{},"end":{}}],"line":34},"1":{"loc":{"start":{"line":36,"column":6},"end":{"line":39,"column":null}},"type":"if","locations":[{"start":{"line":36,"column":6},"end":{"line":39,"column":null}},{"start":{},"end":{}}],"line":36},"2":{"loc":{"start":{"line":46,"column":4},"end":{"line":48,"column":null}},"type":"if","locations":[{"start":{"line":46,"column":4},"end":{"line":48,"column":null}},{"start":{},"end":{}}],"line":46},"3":{"loc":{"start":{"line":46,"column":8},"end":{"line":46,"column":86}},"type":"binary-expr","locations":[{"start":{"line":46,"column":8},"end":{"line":46,"column":41}},{"start":{"line":46,"column":41},"end":{"line":46,"column":86}}],"line":46},"4":{"loc":{"start":{"line":86,"column":4},"end":{"line":89,"column":null}},"type":"if","locations":[{"start":{"line":86,"column":4},"end":{"line":89,"column":null}},{"start":{},"end":{}}],"line":86},"5":{"loc":{"start":{"line":111,"column":6},"end":{"line":114,"column":null}},"type":"if","locations":[{"start":{"line":111,"column":6},"end":{"line":114,"column":null}},{"start":{},"end":{}}],"line":111},"6":{"loc":{"start":{"line":111,"column":10},"end":{"line":111,"column":49}},"type":"binary-expr","locations":[{"start":{"line":111,"column":10},"end":{"line":111,"column":30}},{"start":{"line":111,"column":30},"end":{"line":111,"column":49}}],"line":111},"7":{"loc":{"start":{"line":125,"column":4},"end":{"line":125,"column":null}},"type":"if","locations":[{"start":{"line":125,"column":4},"end":{"line":125,"column":null}},{"start":{},"end":{}}],"line":125},"8":{"loc":{"start":{"line":131,"column":6},"end":{"line":136,"column":null}},"type":"if","locations":[{"start":{"line":131,"column":6},"end":{"line":136,"column":null}},{"start":{},"end":{}}],"line":131},"9":{"loc":{"start":{"line":149,"column":17},"end":{"line":149,"column":null}},"type":"cond-expr","locations":[{"start":{"line":149,"column":29},"end":{"line":149,"column":33}},{"start":{"line":149,"column":33},"end":{"line":149,"column":null}}],"line":149},"10":{"loc":{"start":{"line":178,"column":4},"end":{"line":178,"column":null}},"type":"if","locations":[{"start":{"line":178,"column":4},"end":{"line":178,"column":null}},{"start":{},"end":{}}],"line":178},"11":{"loc":{"start":{"line":179,"column":4},"end":{"line":179,"column":null}},"type":"if","locations":[{"start":{"line":179,"column":4},"end":{"line":179,"column":null}},{"start":{},"end":{}}],"line":179},"12":{"loc":{"start":{"line":179,"column":8},"end":{"line":179,"column":56}},"type":"binary-expr","locations":[{"start":{"line":179,"column":8},"end":{"line":179,"column":36}},{"start":{"line":179,"column":36},"end":{"line":179,"column":56}}],"line":179},"13":{"loc":{"start":{"line":180,"column":4},"end":{"line":180,"column":null}},"type":"if","locations":[{"start":{"line":180,"column":4},"end":{"line":180,"column":null}},{"start":{},"end":{}}],"line":180},"14":{"loc":{"start":{"line":180,"column":8},"end":{"line":180,"column":59}},"type":"binary-expr","locations":[{"start":{"line":180,"column":8},"end":{"line":180,"column":36}},{"start":{"line":180,"column":36},"end":{"line":180,"column":59}}],"line":180},"15":{"loc":{"start":{"line":184,"column":4},"end":{"line":193,"column":null}},"type":"if","locations":[{"start":{"line":184,"column":4},"end":{"line":193,"column":null}},{"start":{"line":190,"column":4},"end":{"line":193,"column":null}}],"line":184},"16":{"loc":{"start":{"line":190,"column":4},"end":{"line":193,"column":null}},"type":"if","locations":[{"start":{"line":190,"column":4},"end":{"line":193,"column":null}},{"start":{},"end":{}}],"line":190},"17":{"loc":{"start":{"line":200,"column":4},"end":{"line":207,"column":null}},"type":"if","locations":[{"start":{"line":200,"column":4},"end":{"line":207,"column":null}},{"start":{},"end":{}}],"line":200},"18":{"loc":{"start":{"line":200,"column":8},"end":{"line":200,"column":64}},"type":"binary-expr","locations":[{"start":{"line":200,"column":8},"end":{"line":200,"column":43}},{"start":{"line":200,"column":43},"end":{"line":200,"column":64}}],"line":200},"19":{"loc":{"start":{"line":202,"column":8},"end":{"line":204,"column":null}},"type":"if","locations":[{"start":{"line":202,"column":8},"end":{"line":204,"column":null}},{"start":{},"end":{}}],"line":202},"20":{"loc":{"start":{"line":202,"column":12},"end":{"line":202,"column":86}},"type":"binary-expr","locations":[{"start":{"line":202,"column":12},"end":{"line":202,"column":54}},{"start":{"line":202,"column":54},"end":{"line":202,"column":86}}],"line":202},"21":{"loc":{"start":{"line":212,"column":4},"end":{"line":212,"column":null}},"type":"if","locations":[{"start":{"line":212,"column":4},"end":{"line":212,"column":null}},{"start":{},"end":{}}],"line":212},"22":{"loc":{"start":{"line":235,"column":4},"end":{"line":238,"column":null}},"type":"if","locations":[{"start":{"line":235,"column":4},"end":{"line":238,"column":null}},{"start":{},"end":{}}],"line":235},"23":{"loc":{"start":{"line":235,"column":8},"end":{"line":235,"column":63}},"type":"binary-expr","locations":[{"start":{"line":235,"column":8},"end":{"line":235,"column":43}},{"start":{"line":235,"column":43},"end":{"line":235,"column":63}}],"line":235},"24":{"loc":{"start":{"line":269,"column":2},"end":{"line":271,"column":null}},"type":"if","locations":[{"start":{"line":269,"column":2},"end":{"line":271,"column":null}},{"start":{},"end":{}}],"line":269},"25":{"loc":{"start":{"line":288,"column":4},"end":{"line":290,"column":null}},"type":"if","locations":[{"start":{"line":288,"column":4},"end":{"line":290,"column":null}},{"start":{},"end":{}}],"line":288},"26":{"loc":{"start":{"line":299,"column":2},"end":{"line":316,"column":null}},"type":"if","locations":[{"start":{"line":299,"column":2},"end":{"line":316,"column":null}},{"start":{},"end":{}}],"line":299},"27":{"loc":{"start":{"line":302,"column":6},"end":{"line":304,"column":null}},"type":"if","locations":[{"start":{"line":302,"column":6},"end":{"line":304,"column":null}},{"start":{},"end":{}}],"line":302},"28":{"loc":{"start":{"line":324,"column":2},"end":{"line":324,"column":null}},"type":"default-arg","locations":[{"start":{"line":324,"column":11},"end":{"line":324,"column":null}}],"line":324},"29":{"loc":{"start":{"line":328,"column":2},"end":{"line":330,"column":null}},"type":"if","locations":[{"start":{"line":328,"column":2},"end":{"line":330,"column":null}},{"start":{},"end":{}}],"line":328},"30":{"loc":{"start":{"line":339,"column":2},"end":{"line":352,"column":null}},"type":"if","locations":[{"start":{"line":339,"column":2},"end":{"line":352,"column":null}},{"start":{"line":350,"column":9},"end":{"line":352,"column":null}}],"line":339},"31":{"loc":{"start":{"line":340,"column":4},"end":{"line":348,"column":null}},"type":"if","locations":[{"start":{"line":340,"column":4},"end":{"line":348,"column":null}},{"start":{},"end":{}}],"line":340},"32":{"loc":{"start":{"line":357,"column":2},"end":{"line":357,"column":null}},"type":"if","locations":[{"start":{"line":357,"column":2},"end":{"line":357,"column":null}},{"start":{},"end":{}}],"line":357}},"s":{"0":1,"1":1,"2":1,"3":1,"4":1,"5":13,"6":31,"7":31,"8":31,"9":1,"10":1,"11":7,"12":7,"13":7,"14":7,"15":3,"16":3,"17":3,"18":3,"19":4,"20":4,"21":1,"22":6,"23":6,"24":6,"25":14,"26":34,"27":34,"28":34,"29":34,"30":34,"31":34,"32":34,"33":34,"34":34,"35":34,"36":34,"37":34,"38":34,"39":34,"40":130,"41":37,"42":37,"43":375,"44":375,"45":375,"46":28,"47":28,"48":28,"49":28,"50":28,"51":28,"52":38,"53":38,"54":38,"55":8,"56":8,"57":28,"58":273,"59":0,"60":273,"61":273,"62":500,"63":500,"64":263,"65":263,"66":263,"67":263,"68":10,"69":10,"70":10,"71":34,"72":34,"73":34,"74":34,"75":34,"76":34,"77":34,"78":34,"79":34,"80":34,"81":34,"82":34,"83":34,"84":34,"85":10,"86":1,"87":273,"88":40,"89":40,"90":40,"91":1,"92":39,"93":1,"94":38,"95":1,"96":37,"97":37,"98":28,"99":28,"100":28,"101":28,"102":28,"103":9,"104":9,"105":37,"106":37,"107":37,"108":37,"109":27,"110":0,"111":0,"112":27,"113":12,"114":12,"115":2,"116":10,"117":10,"118":10,"119":10,"120":5,"121":5,"122":5,"123":5,"124":5,"125":5,"126":5,"127":5,"128":5,"129":34,"130":34,"131":34,"132":27,"133":27,"134":34,"135":1,"136":1,"137":1,"138":1,"139":18,"140":17,"141":18,"142":33,"143":33,"144":33,"145":7,"146":7,"147":7,"148":0,"149":7,"150":6,"151":6,"152":6,"153":1,"154":6,"155":6,"156":6,"157":6,"158":32,"159":3,"160":32,"161":32,"162":32,"163":32,"164":3,"165":1,"166":1,"167":1,"168":1,"169":1,"170":1,"171":1,"172":3,"173":29,"174":32,"175":32,"176":32,"177":32,"178":3,"179":29,"180":29,"181":29,"182":29,"183":29,"184":29,"185":29,"186":1,"187":1,"188":1,"189":1,"190":1,"191":1,"192":1,"193":1,"194":1,"195":1,"196":1,"197":9,"198":9,"199":9,"200":9,"201":9,"202":9},"f":{"0":13,"1":31,"2":7,"3":6,"4":14,"5":34,"6":130,"7":375,"8":375,"9":28,"10":273,"11":34,"12":10,"13":1,"14":273,"15":40,"16":0,"17":12,"18":5,"19":34,"20":18,"21":33,"22":7,"23":6,"24":0,"25":32,"26":1,"27":1,"28":9},"b":{"0":[3,4],"1":[3,0],"2":[1,3],"3":[4,4],"4":[37,93],"5":[8,30],"6":[38,10],"7":[0,273],"8":[263,237],"9":[2,32],"10":[1,39],"11":[1,38],"12":[39,29],"13":[1,37],"14":[38,10],"15":[28,9],"16":[9,0],"17":[27,10],"18":[37,37],"19":[0,0],"20":[0,0],"21":[2,10],"22":[27,7],"23":[34,34],"24":[17,1],"25":[0,7],"26":[6,1],"27":[1,5],"28":[32],"29":[3,29],"30":[3,29],"31":[1,2],"32":[3,29]},"meta":{"lastBranch":33,"lastFunction":29,"lastStatement":203,"seen":{"s:7:34:7:Infinity":0,"s:9:27:9:Infinity":1,"s:10:26:10:Infinity":2,"s:11:34:11:Infinity":3,"s:12:20:12:Infinity":4,"f:14:16:14:42":0,"s:15:2:15:Infinity":5,"f:18:16:18:32":1,"s:19:2:19:Infinity":6,"s:20:2:24:Infinity":7,"s:21:4:21:Infinity":8,"s:27:23:27:Infinity":9,"s:28:31:28:Infinity":10,"f:30:16:30:35":2,"s:31:2:31:Infinity":11,"s:32:2:43:Infinity":12,"s:33:19:33:Infinity":13,"b:34:4:40:Infinity:undefined:undefined:undefined:undefined":0,"s:34:4:40:Infinity":14,"s:35:21:35:Infinity":15,"b:36:6:39:Infinity:undefined:undefined:undefined:undefined":1,"s:36:6:39:Infinity":16,"s:37:8:37:Infinity":17,"s:38:8:38:Infinity":18,"s:45:2:51:Infinity":19,"b:46:4:48:Infinity:undefined:undefined:undefined:undefined":2,"s:46:4:48:Infinity":20,"b:46:8:46:41:46:41:46:86":3,"s:47:6:47:Infinity":21,"f:54:16:54:27":3,"s:55:15:55:Infinity":22,"s:56:15:56:Infinity":23,"s:57:2:57:Infinity":24,"f:60:16:60:29":4,"s:61:2:61:Infinity":25,"f:64:16:64:30":5,"s:65:8:65:Infinity":26,"s:66:8:66:Infinity":27,"s:67:8:67:Infinity":28,"s:68:8:68:Infinity":29,"s:69:8:69:Infinity":30,"s:70:8:70:Infinity":31,"s:72:58:72:Infinity":32,"s:73:22:73:Infinity":33,"s:74:22:74:Infinity":34,"s:75:19:75:Infinity":35,"s:80:95:80:Infinity":36,"s:81:19:81:Infinity":37,"s:82:23:82:Infinity":38,"s:83:48:83:Infinity":39,"f:85:11:85:23":6,"b:86:4:89:Infinity:undefined:undefined:undefined:undefined":4,"s:86:4:89:Infinity":40,"s:87:6:87:Infinity":41,"s:88:6:88:Infinity":42,"f:92:11:92:23":7,"s:96:4:96:Infinity":43,"f:96:20:96:21":8,"s:96:28:96:38":44,"s:97:4:97:Infinity":45,"f:100:11:100:45":9,"s:101:39:101:Infinity":46,"s:102:17:102:Infinity":47,"s:104:4:104:Infinity":48,"s:105:4:105:Infinity":49,"s:107:4:115:Infinity":50,"s:107:19:107:22":51,"s:108:6:108:Infinity":52,"s:109:6:109:Infinity":53,"b:111:6:114:Infinity:undefined:undefined:undefined:undefined":5,"s:111:6:114:Infinity":54,"b:111:10:111:30:111:30:111:49":6,"s:112:8:112:Infinity":55,"s:113:8:113:Infinity":56,"s:117:4:117:Infinity":57,"f:121:11:121:23":10,"b:125:4:125:Infinity:undefined:undefined:undefined:undefined":7,"s:125:4:125:Infinity":58,"s:125:40:125:Infinity":59,"s:127:20:127:Infinity":60,"s:129:4:137:Infinity":61,"s:130:21:130:Infinity":62,"b:131:6:136:Infinity:undefined:undefined:undefined:undefined":8,"s:131:6:136:Infinity":63,"s:132:8:132:Infinity":64,"s:133:8:133:Infinity":65,"s:134:8:134:Infinity":66,"s:135:8:135:Infinity":67,"s:140:4:140:Infinity":68,"s:141:4:141:Infinity":69,"s:142:4:142:Infinity":70,"f:145:11:145:21":11,"s:146:4:146:Infinity":71,"s:147:4:147:Infinity":72,"s:148:4:148:Infinity":73,"s:149:4:149:Infinity":74,"b:149:29:149:33:149:33:149:Infinity":9,"s:150:4:150:Infinity":75,"s:151:4:151:Infinity":76,"s:152:4:152:Infinity":77,"s:153:4:153:Infinity":78,"s:154:4:154:Infinity":79,"s:155:4:155:Infinity":80,"s:156:4:156:Infinity":81,"s:157:4:157:Infinity":82,"s:158:4:158:Infinity":83,"s:159:4:159:Infinity":84,"f:162:11:162:23":12,"s:163:4:163:Infinity":85,"f:166:11:166:30":13,"s:167:4:167:Infinity":86,"f:170:11:170:18":14,"s:171:4:171:Infinity":87,"f:174:11:174:19":15,"s:175:29:175:Infinity":88,"s:176:26:176:Infinity":89,"b:178:4:178:Infinity:undefined:undefined:undefined:undefined":10,"s:178:4:178:Infinity":90,"s:178:37:178:Infinity":91,"b:179:4:179:Infinity:undefined:undefined:undefined:undefined":11,"s:179:4:179:Infinity":92,"b:179:8:179:36:179:36:179:56":12,"s:179:56:179:Infinity":93,"b:180:4:180:Infinity:undefined:undefined:undefined:undefined":13,"s:180:4:180:Infinity":94,"b:180:8:180:36:180:36:180:59":14,"s:180:59:180:Infinity":95,"s:182:4:182:Infinity":96,"b:184:4:193:Infinity:190:4:193:Infinity":15,"s:184:4:193:Infinity":97,"s:185:6:185:Infinity":98,"s:186:6:186:Infinity":99,"s:187:6:187:Infinity":100,"s:188:6:188:Infinity":101,"s:189:6:189:Infinity":102,"b:190:4:193:Infinity:undefined:undefined:undefined:undefined":16,"s:190:4:193:Infinity":103,"s:192:6:192:Infinity":104,"s:195:4:195:Infinity":105,"s:196:4:196:Infinity":106,"s:197:4:197:Infinity":107,"b:200:4:207:Infinity:undefined:undefined:undefined:undefined":17,"s:200:4:207:Infinity":108,"b:200:8:200:43:200:43:200:64":18,"s:201:6:205:Infinity":109,"f:201:27:201:33":16,"b:202:8:204:Infinity:undefined:undefined:undefined:undefined":19,"s:202:8:204:Infinity":110,"b:202:12:202:54:202:54:202:86":20,"s:203:10:203:Infinity":111,"s:206:6:206:Infinity":112,"f:210:11:210:19":17,"s:211:26:211:Infinity":113,"b:212:4:212:Infinity:undefined:undefined:undefined:undefined":21,"s:212:4:212:Infinity":114,"s:212:37:212:Infinity":115,"s:214:4:214:Infinity":116,"s:215:4:215:Infinity":117,"s:216:4:216:Infinity":118,"s:217:4:217:Infinity":119,"f:220:11:220:19":18,"s:221:4:221:Infinity":120,"s:222:4:222:Infinity":121,"s:223:4:223:Infinity":122,"s:224:4:224:Infinity":123,"s:225:4:225:Infinity":124,"s:226:4:226:Infinity":125,"s:227:4:227:Infinity":126,"s:228:4:228:Infinity":127,"s:229:4:229:Infinity":128,"f:232:11:232:21":19,"s:233:4:233:Infinity":129,"s:234:4:234:Infinity":130,"b:235:4:238:Infinity:undefined:undefined:undefined:undefined":22,"s:235:4:238:Infinity":131,"b:235:8:235:43:235:43:235:63":23,"s:236:6:236:Infinity":132,"s:237:6:237:Infinity":133,"s:241:2:255:Infinity":134,"s:258:37:258:Infinity":135,"s:259:28:259:Infinity":136,"s:260:55:260:Infinity":137,"s:264:19:264:Infinity":138,"f:268:9:268:41":20,"b:269:2:271:Infinity:undefined:undefined:undefined:undefined":24,"s:269:2:271:Infinity":139,"s:270:4:270:Infinity":140,"s:272:2:272:Infinity":141,"f:276:16:276:42":21,"s:277:2:277:Infinity":142,"s:278:2:278:Infinity":143,"s:279:2:279:Infinity":144,"f:285:16:285:43":22,"s:286:2:293:Infinity":145,"s:287:16:287:Infinity":146,"b:288:4:290:Infinity:undefined:undefined:undefined:undefined":25,"s:288:4:290:Infinity":147,"s:289:6:289:Infinity":148,"b:299:2:316:Infinity:undefined:undefined:undefined:undefined":26,"s:299:2:316:Infinity":149,"s:300:4:307:Infinity":150,"s:301:18:301:Infinity":151,"b:302:6:304:Infinity:undefined:undefined:undefined:undefined":27,"s:302:6:304:Infinity":152,"s:303:8:303:Infinity":153,"s:308:4:315:Infinity":154,"s:309:20:309:Infinity":155,"s:310:6:312:Infinity":156,"f:310:24:310:30":23,"s:311:8:311:Infinity":157,"f:312:15:312:21":24,"f:319:9:319:Infinity":25,"b:324:11:324:Infinity":28,"b:328:2:330:Infinity:undefined:undefined:undefined:undefined":29,"s:328:2:330:Infinity":158,"s:329:4:329:Infinity":159,"s:331:14:331:Infinity":160,"s:332:15:332:Infinity":161,"s:333:2:333:Infinity":162,"b:339:2:352:Infinity:350:9:352:Infinity":30,"s:339:2:352:Infinity":163,"b:340:4:348:Infinity:undefined:undefined:undefined:undefined":31,"s:340:4:348:Infinity":164,"s:341:6:341:Infinity":165,"s:342:6:342:Infinity":166,"s:343:6:343:Infinity":167,"s:344:6:344:Infinity":168,"s:345:6:345:Infinity":169,"s:346:6:346:Infinity":170,"s:347:6:347:Infinity":171,"s:349:4:349:Infinity":172,"s:351:4:351:Infinity":173,"s:354:2:354:Infinity":174,"s:355:2:355:Infinity":175,"s:356:26:356:Infinity":176,"b:357:2:357:Infinity:undefined:undefined:undefined:undefined":32,"s:357:2:357:Infinity":177,"s:357:28:357:Infinity":178,"s:361:20:361:Infinity":179,"s:364:2:364:Infinity":180,"s:367:2:367:Infinity":181,"s:368:2:368:Infinity":182,"s:369:2:369:Infinity":183,"s:370:2:370:Infinity":184,"s:371:2:371:Infinity":185,"f:375:16:375:34":26,"s:376:2:384:Infinity":186,"s:377:16:377:Infinity":187,"s:378:14:378:Infinity":188,"s:379:4:379:Infinity":189,"s:380:4:380:Infinity":190,"s:381:4:381:Infinity":191,"f:388:16:388:37":27,"s:389:2:396:Infinity":192,"s:390:16:390:Infinity":193,"s:391:14:391:Infinity":194,"s:392:4:392:Infinity":195,"s:393:4:393:Infinity":196,"f:400:16:400:37":28,"s:401:2:410:Infinity":197,"s:402:16:402:Infinity":198,"s:403:14:403:Infinity":199,"s:405:4:405:Infinity":200,"s:406:4:406:Infinity":201,"s:407:4:407:Infinity":202}}}
}
